{"/Users/zhiqing.feng/Desktop/Personal/TUN/software_testing_final/software_testing/src/.internal/addMapEntry.js":{"path":"/Users/zhiqing.feng/Desktop/Personal/TUN/software_testing_final/software_testing/src/.internal/addMapEntry.js","statementMap":{"0":{"start":{"line":11,"column":2},"end":{"line":11,"column":27}},"1":{"start":{"line":12,"column":2},"end":{"line":12,"column":12}}},"fnMap":{"0":{"name":"addMapEntry","decl":{"start":{"line":9,"column":9},"end":{"line":9,"column":20}},"loc":{"start":{"line":9,"column":32},"end":{"line":13,"column":1}},"line":9}},"branchMap":{},"s":{"0":0,"1":0},"f":{"0":0},"b":{},"all":true},"/Users/zhiqing.feng/Desktop/Personal/TUN/software_testing_final/software_testing/src/.internal/addSetEntry.js":{"path":"/Users/zhiqing.feng/Desktop/Personal/TUN/software_testing_final/software_testing/src/.internal/addSetEntry.js","statementMap":{"0":{"start":{"line":11,"column":2},"end":{"line":11,"column":16}},"1":{"start":{"line":12,"column":2},"end":{"line":12,"column":12}}},"fnMap":{"0":{"name":"addSetEntry","decl":{"start":{"line":9,"column":9},"end":{"line":9,"column":20}},"loc":{"start":{"line":9,"column":33},"end":{"line":13,"column":1}},"line":9}},"branchMap":{},"s":{"0":0,"1":0},"f":{"0":0},"b":{},"all":true},"/Users/zhiqing.feng/Desktop/Personal/TUN/software_testing_final/software_testing/src/.internal/arrayEach.js":{"path":"/Users/zhiqing.feng/Desktop/Personal/TUN/software_testing_final/software_testing/src/.internal/arrayEach.js","statementMap":{"0":{"start":{"line":10,"column":14},"end":{"line":10,"column":16}},"1":{"start":{"line":11,"column":17},"end":{"line":11,"column":29}},"2":{"start":{"line":13,"column":2},"end":{"line":17,"column":3}},"3":{"start":{"line":14,"column":4},"end":{"line":16,"column":5}},"4":{"start":{"line":15,"column":6},"end":{"line":15,"column":11}},"5":{"start":{"line":18,"column":2},"end":{"line":18,"column":14}}},"fnMap":{"0":{"name":"arrayEach","decl":{"start":{"line":9,"column":9},"end":{"line":9,"column":18}},"loc":{"start":{"line":9,"column":36},"end":{"line":19,"column":1}},"line":9}},"branchMap":{"0":{"loc":{"start":{"line":14,"column":4},"end":{"line":16,"column":5}},"type":"if","locations":[{"start":{"line":14,"column":4},"end":{"line":16,"column":5}},{"start":{},"end":{}}],"line":14}},"s":{"0":0,"1":0,"2":0,"3":0,"4":0,"5":0},"f":{"0":0},"b":{"0":[0,0]},"all":true},"/Users/zhiqing.feng/Desktop/Personal/TUN/software_testing_final/software_testing/src/.internal/arrayEachRight.js":{"path":"/Users/zhiqing.feng/Desktop/Personal/TUN/software_testing_final/software_testing/src/.internal/arrayEachRight.js","statementMap":{"0":{"start":{"line":10,"column":15},"end":{"line":10,"column":47}},"1":{"start":{"line":12,"column":2},"end":{"line":16,"column":3}},"2":{"start":{"line":13,"column":4},"end":{"line":15,"column":5}},"3":{"start":{"line":14,"column":6},"end":{"line":14,"column":11}},"4":{"start":{"line":17,"column":2},"end":{"line":17,"column":14}}},"fnMap":{"0":{"name":"arrayEachRight","decl":{"start":{"line":9,"column":9},"end":{"line":9,"column":23}},"loc":{"start":{"line":9,"column":41},"end":{"line":18,"column":1}},"line":9}},"branchMap":{"0":{"loc":{"start":{"line":10,"column":15},"end":{"line":10,"column":47}},"type":"cond-expr","locations":[{"start":{"line":10,"column":31},"end":{"line":10,"column":32}},{"start":{"line":10,"column":35},"end":{"line":10,"column":47}}],"line":10},"1":{"loc":{"start":{"line":13,"column":4},"end":{"line":15,"column":5}},"type":"if","locations":[{"start":{"line":13,"column":4},"end":{"line":15,"column":5}},{"start":{},"end":{}}],"line":13}},"s":{"0":0,"1":0,"2":0,"3":0,"4":0},"f":{"0":0},"b":{"0":[0,0],"1":[0,0]},"all":true},"/Users/zhiqing.feng/Desktop/Personal/TUN/software_testing_final/software_testing/src/.internal/arrayIncludes.js":{"path":"/Users/zhiqing.feng/Desktop/Personal/TUN/software_testing_final/software_testing/src/.internal/arrayIncludes.js","statementMap":{"0":{"start":{"line":13,"column":17},"end":{"line":13,"column":49}},"1":{"start":{"line":14,"column":2},"end":{"line":14,"column":54}}},"fnMap":{"0":{"name":"arrayIncludes","decl":{"start":{"line":12,"column":9},"end":{"line":12,"column":22}},"loc":{"start":{"line":12,"column":37},"end":{"line":15,"column":1}},"line":12}},"branchMap":{"0":{"loc":{"start":{"line":13,"column":17},"end":{"line":13,"column":49}},"type":"cond-expr","locations":[{"start":{"line":13,"column":33},"end":{"line":13,"column":34}},{"start":{"line":13,"column":37},"end":{"line":13,"column":49}}],"line":13},"1":{"loc":{"start":{"line":14,"column":9},"end":{"line":14,"column":54}},"type":"binary-expr","locations":[{"start":{"line":14,"column":9},"end":{"line":14,"column":17}},{"start":{"line":14,"column":21},"end":{"line":14,"column":54}}],"line":14}},"s":{"0":0,"1":0},"f":{"0":0},"b":{"0":[0,0],"1":[0,0]},"all":true},"/Users/zhiqing.feng/Desktop/Personal/TUN/software_testing_final/software_testing/src/.internal/arrayIncludesWith.js":{"path":"/Users/zhiqing.feng/Desktop/Personal/TUN/software_testing_final/software_testing/src/.internal/arrayIncludesWith.js","statementMap":{"0":{"start":{"line":11,"column":2},"end":{"line":13,"column":3}},"1":{"start":{"line":12,"column":4},"end":{"line":12,"column":16}},"2":{"start":{"line":15,"column":2},"end":{"line":19,"column":3}},"3":{"start":{"line":16,"column":4},"end":{"line":18,"column":5}},"4":{"start":{"line":17,"column":6},"end":{"line":17,"column":17}},"5":{"start":{"line":20,"column":2},"end":{"line":20,"column":14}}},"fnMap":{"0":{"name":"arrayIncludesWith","decl":{"start":{"line":10,"column":9},"end":{"line":10,"column":26}},"loc":{"start":{"line":10,"column":54},"end":{"line":21,"column":1}},"line":10}},"branchMap":{"0":{"loc":{"start":{"line":11,"column":2},"end":{"line":13,"column":3}},"type":"if","locations":[{"start":{"line":11,"column":2},"end":{"line":13,"column":3}},{"start":{},"end":{}}],"line":11},"1":{"loc":{"start":{"line":16,"column":4},"end":{"line":18,"column":5}},"type":"if","locations":[{"start":{"line":16,"column":4},"end":{"line":18,"column":5}},{"start":{},"end":{}}],"line":16}},"s":{"0":0,"1":0,"2":0,"3":0,"4":0,"5":0},"f":{"0":0},"b":{"0":[0,0],"1":[0,0]},"all":true},"/Users/zhiqing.feng/Desktop/Personal/TUN/software_testing_final/software_testing/src/.internal/arrayLikeKeys.js":{"path":"/Users/zhiqing.feng/Desktop/Personal/TUN/software_testing_final/software_testing/src/.internal/arrayLikeKeys.js","statementMap":{"0":{"start":{"line":7,"column":23},"end":{"line":7,"column":54}},"1":{"start":{"line":18,"column":16},"end":{"line":18,"column":36}},"2":{"start":{"line":19,"column":16},"end":{"line":19,"column":44}},"3":{"start":{"line":20,"column":17},"end":{"line":20,"column":52}},"4":{"start":{"line":21,"column":17},"end":{"line":21,"column":67}},"5":{"start":{"line":22,"column":22},"end":{"line":22,"column":56}},"6":{"start":{"line":23,"column":17},"end":{"line":23,"column":29}},"7":{"start":{"line":24,"column":17},"end":{"line":24,"column":52}},"8":{"start":{"line":25,"column":14},"end":{"line":25,"column":39}},"9":{"start":{"line":26,"column":2},"end":{"line":28,"column":3}},"10":{"start":{"line":27,"column":4},"end":{"line":27,"column":30}},"11":{"start":{"line":29,"column":2},"end":{"line":39,"column":3}},"12":{"start":{"line":30,"column":4},"end":{"line":38,"column":5}},"13":{"start":{"line":37,"column":6},"end":{"line":37,"column":22}},"14":{"start":{"line":40,"column":2},"end":{"line":40,"column":15}}},"fnMap":{"0":{"name":"arrayLikeKeys","decl":{"start":{"line":17,"column":9},"end":{"line":17,"column":22}},"loc":{"start":{"line":17,"column":41},"end":{"line":41,"column":1}},"line":17}},"branchMap":{"0":{"loc":{"start":{"line":19,"column":16},"end":{"line":19,"column":44}},"type":"binary-expr","locations":[{"start":{"line":19,"column":16},"end":{"line":19,"column":22}},{"start":{"line":19,"column":26},"end":{"line":19,"column":44}}],"line":19},"1":{"loc":{"start":{"line":20,"column":17},"end":{"line":20,"column":52}},"type":"binary-expr","locations":[{"start":{"line":20,"column":17},"end":{"line":20,"column":23}},{"start":{"line":20,"column":27},"end":{"line":20,"column":33}},{"start":{"line":20,"column":37},"end":{"line":20,"column":52}}],"line":20},"2":{"loc":{"start":{"line":21,"column":17},"end":{"line":21,"column":67}},"type":"binary-expr","locations":[{"start":{"line":21,"column":17},"end":{"line":21,"column":23}},{"start":{"line":21,"column":27},"end":{"line":21,"column":33}},{"start":{"line":21,"column":37},"end":{"line":21,"column":44}},{"start":{"line":21,"column":48},"end":{"line":21,"column":67}}],"line":21},"3":{"loc":{"start":{"line":22,"column":22},"end":{"line":22,"column":56}},"type":"binary-expr","locations":[{"start":{"line":22,"column":22},"end":{"line":22,"column":27}},{"start":{"line":22,"column":31},"end":{"line":22,"column":36}},{"start":{"line":22,"column":40},"end":{"line":22,"column":46}},{"start":{"line":22,"column":50},"end":{"line":22,"column":56}}],"line":22},"4":{"loc":{"start":{"line":24,"column":27},"end":{"line":24,"column":51}},"type":"cond-expr","locations":[{"start":{"line":24,"column":41},"end":{"line":24,"column":47}},{"start":{"line":24,"column":50},"end":{"line":24,"column":51}}],"line":24},"5":{"loc":{"start":{"line":25,"column":14},"end":{"line":25,"column":39}},"type":"cond-expr","locations":[{"start":{"line":25,"column":28},"end":{"line":25,"column":30}},{"start":{"line":25,"column":33},"end":{"line":25,"column":39}}],"line":25},"6":{"loc":{"start":{"line":30,"column":4},"end":{"line":38,"column":5}},"type":"if","locations":[{"start":{"line":30,"column":4},"end":{"line":38,"column":5}},{"start":{},"end":{}}],"line":30},"7":{"loc":{"start":{"line":30,"column":8},"end":{"line":36,"column":10}},"type":"binary-expr","locations":[{"start":{"line":30,"column":9},"end":{"line":30,"column":18}},{"start":{"line":30,"column":22},"end":{"line":30,"column":53}},{"start":{"line":31,"column":8},"end":{"line":36,"column":10}}],"line":30},"8":{"loc":{"start":{"line":31,"column":10},"end":{"line":36,"column":9}},"type":"binary-expr","locations":[{"start":{"line":31,"column":10},"end":{"line":31,"column":21}},{"start":{"line":33,"column":11},"end":{"line":33,"column":27}},{"start":{"line":35,"column":11},"end":{"line":35,"column":31}}],"line":31}},"s":{"0":0,"1":0,"2":0,"3":0,"4":0,"5":0,"6":0,"7":0,"8":0,"9":0,"10":0,"11":0,"12":0,"13":0,"14":0},"f":{"0":0},"b":{"0":[0,0],"1":[0,0,0],"2":[0,0,0,0],"3":[0,0,0,0],"4":[0,0],"5":[0,0],"6":[0,0],"7":[0,0,0],"8":[0,0,0]},"all":true},"/Users/zhiqing.feng/Desktop/Personal/TUN/software_testing_final/software_testing/src/.internal/arrayReduce.js":{"path":"/Users/zhiqing.feng/Desktop/Personal/TUN/software_testing_final/software_testing/src/.internal/arrayReduce.js","statementMap":{"0":{"start":{"line":13,"column":14},"end":{"line":13,"column":16}},"1":{"start":{"line":14,"column":17},"end":{"line":14,"column":49}},"2":{"start":{"line":16,"column":2},"end":{"line":18,"column":3}},"3":{"start":{"line":17,"column":4},"end":{"line":17,"column":32}},"4":{"start":{"line":19,"column":2},"end":{"line":21,"column":3}},"5":{"start":{"line":20,"column":4},"end":{"line":20,"column":67}},"6":{"start":{"line":22,"column":2},"end":{"line":22,"column":20}}},"fnMap":{"0":{"name":"arrayReduce","decl":{"start":{"line":12,"column":9},"end":{"line":12,"column":20}},"loc":{"start":{"line":12,"column":62},"end":{"line":23,"column":1}},"line":12}},"branchMap":{"0":{"loc":{"start":{"line":14,"column":17},"end":{"line":14,"column":49}},"type":"cond-expr","locations":[{"start":{"line":14,"column":33},"end":{"line":14,"column":34}},{"start":{"line":14,"column":37},"end":{"line":14,"column":49}}],"line":14},"1":{"loc":{"start":{"line":16,"column":2},"end":{"line":18,"column":3}},"type":"if","locations":[{"start":{"line":16,"column":2},"end":{"line":18,"column":3}},{"start":{},"end":{}}],"line":16},"2":{"loc":{"start":{"line":16,"column":6},"end":{"line":16,"column":25}},"type":"binary-expr","locations":[{"start":{"line":16,"column":6},"end":{"line":16,"column":15}},{"start":{"line":16,"column":19},"end":{"line":16,"column":25}}],"line":16}},"s":{"0":0,"1":0,"2":0,"3":0,"4":0,"5":0,"6":0},"f":{"0":0},"b":{"0":[0,0],"1":[0,0],"2":[0,0]},"all":true},"/Users/zhiqing.feng/Desktop/Personal/TUN/software_testing_final/software_testing/src/.internal/arrayReduceRight.js":{"path":"/Users/zhiqing.feng/Desktop/Personal/TUN/software_testing_final/software_testing/src/.internal/arrayReduceRight.js","statementMap":{"0":{"start":{"line":13,"column":15},"end":{"line":13,"column":47}},"1":{"start":{"line":14,"column":2},"end":{"line":16,"column":3}},"2":{"start":{"line":15,"column":4},"end":{"line":15,"column":33}},"3":{"start":{"line":17,"column":2},"end":{"line":19,"column":3}},"4":{"start":{"line":18,"column":4},"end":{"line":18,"column":69}},"5":{"start":{"line":20,"column":2},"end":{"line":20,"column":20}}},"fnMap":{"0":{"name":"arrayReduceRight","decl":{"start":{"line":12,"column":9},"end":{"line":12,"column":25}},"loc":{"start":{"line":12,"column":67},"end":{"line":21,"column":1}},"line":12}},"branchMap":{"0":{"loc":{"start":{"line":13,"column":15},"end":{"line":13,"column":47}},"type":"cond-expr","locations":[{"start":{"line":13,"column":31},"end":{"line":13,"column":32}},{"start":{"line":13,"column":35},"end":{"line":13,"column":47}}],"line":13},"1":{"loc":{"start":{"line":14,"column":2},"end":{"line":16,"column":3}},"type":"if","locations":[{"start":{"line":14,"column":2},"end":{"line":16,"column":3}},{"start":{},"end":{}}],"line":14},"2":{"loc":{"start":{"line":14,"column":6},"end":{"line":14,"column":25}},"type":"binary-expr","locations":[{"start":{"line":14,"column":6},"end":{"line":14,"column":15}},{"start":{"line":14,"column":19},"end":{"line":14,"column":25}}],"line":14}},"s":{"0":0,"1":0,"2":0,"3":0,"4":0,"5":0},"f":{"0":0},"b":{"0":[0,0],"1":[0,0],"2":[0,0]},"all":true},"/Users/zhiqing.feng/Desktop/Personal/TUN/software_testing_final/software_testing/src/.internal/asciiSize.js":{"path":"/Users/zhiqing.feng/Desktop/Personal/TUN/software_testing_final/software_testing/src/.internal/asciiSize.js","statementMap":{"0":{"start":{"line":9,"column":2},"end":{"line":9,"column":15}}},"fnMap":{"0":{"name":"asciiSize","decl":{"start":{"line":8,"column":9},"end":{"line":8,"column":18}},"loc":{"start":{"line":8,"column":31},"end":{"line":10,"column":1}},"line":8}},"branchMap":{},"s":{"0":0},"f":{"0":0},"b":{},"all":true},"/Users/zhiqing.feng/Desktop/Personal/TUN/software_testing_final/software_testing/src/.internal/asciiToArray.js":{"path":"/Users/zhiqing.feng/Desktop/Personal/TUN/software_testing_final/software_testing/src/.internal/asciiToArray.js","statementMap":{"0":{"start":{"line":9,"column":2},"end":{"line":9,"column":25}}},"fnMap":{"0":{"name":"asciiToArray","decl":{"start":{"line":8,"column":9},"end":{"line":8,"column":21}},"loc":{"start":{"line":8,"column":30},"end":{"line":10,"column":1}},"line":8}},"branchMap":{},"s":{"0":0},"f":{"0":0},"b":{},"all":true},"/Users/zhiqing.feng/Desktop/Personal/TUN/software_testing_final/software_testing/src/.internal/assignMergeValue.js":{"path":"/Users/zhiqing.feng/Desktop/Personal/TUN/software_testing_final/software_testing/src/.internal/assignMergeValue.js","statementMap":{"0":{"start":{"line":14,"column":2},"end":{"line":17,"column":3}},"1":{"start":{"line":16,"column":4},"end":{"line":16,"column":39}}},"fnMap":{"0":{"name":"assignMergeValue","decl":{"start":{"line":13,"column":9},"end":{"line":13,"column":25}},"loc":{"start":{"line":13,"column":46},"end":{"line":18,"column":1}},"line":13}},"branchMap":{"0":{"loc":{"start":{"line":14,"column":2},"end":{"line":17,"column":3}},"type":"if","locations":[{"start":{"line":14,"column":2},"end":{"line":17,"column":3}},{"start":{},"end":{}}],"line":14},"1":{"loc":{"start":{"line":14,"column":6},"end":{"line":15,"column":47}},"type":"binary-expr","locations":[{"start":{"line":14,"column":7},"end":{"line":14,"column":26}},{"start":{"line":14,"column":30},"end":{"line":14,"column":53}},{"start":{"line":15,"column":7},"end":{"line":15,"column":26}},{"start":{"line":15,"column":30},"end":{"line":15,"column":46}}],"line":14}},"s":{"0":0,"1":0},"f":{"0":0},"b":{"0":[0,0],"1":[0,0,0,0]},"all":true},"/Users/zhiqing.feng/Desktop/Personal/TUN/software_testing_final/software_testing/src/.internal/assignValue.js":{"path":"/Users/zhiqing.feng/Desktop/Personal/TUN/software_testing_final/software_testing/src/.internal/assignValue.js","statementMap":{"0":{"start":{"line":5,"column":23},"end":{"line":5,"column":54}},"1":{"start":{"line":16,"column":19},"end":{"line":16,"column":30}},"2":{"start":{"line":18,"column":2},"end":{"line":24,"column":3}},"3":{"start":{"line":19,"column":4},"end":{"line":21,"column":5}},"4":{"start":{"line":20,"column":6},"end":{"line":20,"column":41}},"5":{"start":{"line":22,"column":9},"end":{"line":24,"column":3}},"6":{"start":{"line":23,"column":4},"end":{"line":23,"column":39}}},"fnMap":{"0":{"name":"assignValue","decl":{"start":{"line":15,"column":9},"end":{"line":15,"column":20}},"loc":{"start":{"line":15,"column":41},"end":{"line":25,"column":1}},"line":15}},"branchMap":{"0":{"loc":{"start":{"line":18,"column":2},"end":{"line":24,"column":3}},"type":"if","locations":[{"start":{"line":18,"column":2},"end":{"line":24,"column":3}},{"start":{"line":22,"column":9},"end":{"line":24,"column":3}}],"line":18},"1":{"loc":{"start":{"line":18,"column":8},"end":{"line":18,"column":63}},"type":"binary-expr","locations":[{"start":{"line":18,"column":8},"end":{"line":18,"column":40}},{"start":{"line":18,"column":44},"end":{"line":18,"column":63}}],"line":18},"2":{"loc":{"start":{"line":19,"column":4},"end":{"line":21,"column":5}},"type":"if","locations":[{"start":{"line":19,"column":4},"end":{"line":21,"column":5}},{"start":{},"end":{}}],"line":19},"3":{"loc":{"start":{"line":19,"column":8},"end":{"line":19,"column":53}},"type":"binary-expr","locations":[{"start":{"line":19,"column":8},"end":{"line":19,"column":19}},{"start":{"line":19,"column":23},"end":{"line":19,"column":53}}],"line":19},"4":{"loc":{"start":{"line":22,"column":9},"end":{"line":24,"column":3}},"type":"if","locations":[{"start":{"line":22,"column":9},"end":{"line":24,"column":3}},{"start":{},"end":{}}],"line":22},"5":{"loc":{"start":{"line":22,"column":13},"end":{"line":22,"column":52}},"type":"binary-expr","locations":[{"start":{"line":22,"column":13},"end":{"line":22,"column":32}},{"start":{"line":22,"column":36},"end":{"line":22,"column":52}}],"line":22}},"s":{"0":0,"1":0,"2":0,"3":0,"4":0,"5":0,"6":0},"f":{"0":0},"b":{"0":[0,0],"1":[0,0],"2":[0,0],"3":[0,0],"4":[0,0],"5":[0,0]},"all":true},"/Users/zhiqing.feng/Desktop/Personal/TUN/software_testing_final/software_testing/src/.internal/assocIndexOf.js":{"path":"/Users/zhiqing.feng/Desktop/Personal/TUN/software_testing_final/software_testing/src/.internal/assocIndexOf.js","statementMap":{"0":{"start":{"line":12,"column":19},"end":{"line":12,"column":24}},"1":{"start":{"line":13,"column":2},"end":{"line":17,"column":3}},"2":{"start":{"line":14,"column":4},"end":{"line":16,"column":5}},"3":{"start":{"line":15,"column":6},"end":{"line":15,"column":19}},"4":{"start":{"line":18,"column":2},"end":{"line":18,"column":11}}},"fnMap":{"0":{"name":"assocIndexOf","decl":{"start":{"line":11,"column":9},"end":{"line":11,"column":21}},"loc":{"start":{"line":11,"column":34},"end":{"line":19,"column":1}},"line":11}},"branchMap":{"0":{"loc":{"start":{"line":14,"column":4},"end":{"line":16,"column":5}},"type":"if","locations":[{"start":{"line":14,"column":4},"end":{"line":16,"column":5}},{"start":{},"end":{}}],"line":14}},"s":{"0":0,"1":0,"2":0,"3":0,"4":0},"f":{"0":0},"b":{"0":[0,0]},"all":true},"/Users/zhiqing.feng/Desktop/Personal/TUN/software_testing_final/software_testing/src/.internal/baseAssignValue.js":{"path":"/Users/zhiqing.feng/Desktop/Personal/TUN/software_testing_final/software_testing/src/.internal/baseAssignValue.js","statementMap":{"0":{"start":{"line":11,"column":2},"end":{"line":20,"column":3}},"1":{"start":{"line":12,"column":4},"end":{"line":17,"column":6}},"2":{"start":{"line":19,"column":4},"end":{"line":19,"column":23}}},"fnMap":{"0":{"name":"baseAssignValue","decl":{"start":{"line":10,"column":9},"end":{"line":10,"column":24}},"loc":{"start":{"line":10,"column":45},"end":{"line":21,"column":1}},"line":10}},"branchMap":{"0":{"loc":{"start":{"line":11,"column":2},"end":{"line":20,"column":3}},"type":"if","locations":[{"start":{"line":11,"column":2},"end":{"line":20,"column":3}},{"start":{"line":18,"column":9},"end":{"line":20,"column":3}}],"line":11}},"s":{"0":0,"1":0,"2":0},"f":{"0":0},"b":{"0":[0,0]},"all":true},"/Users/zhiqing.feng/Desktop/Personal/TUN/software_testing_final/software_testing/src/.internal/baseAt.js":{"path":"/Users/zhiqing.feng/Desktop/Personal/TUN/software_testing_final/software_testing/src/.internal/baseAt.js","statementMap":{"0":{"start":{"line":12,"column":14},"end":{"line":12,"column":16}},"1":{"start":{"line":13,"column":17},"end":{"line":13,"column":29}},"2":{"start":{"line":14,"column":17},"end":{"line":14,"column":34}},"3":{"start":{"line":15,"column":15},"end":{"line":15,"column":29}},"4":{"start":{"line":17,"column":2},"end":{"line":19,"column":3}},"5":{"start":{"line":18,"column":4},"end":{"line":18,"column":64}},"6":{"start":{"line":20,"column":2},"end":{"line":20,"column":15}}},"fnMap":{"0":{"name":"baseAt","decl":{"start":{"line":11,"column":9},"end":{"line":11,"column":15}},"loc":{"start":{"line":11,"column":31},"end":{"line":21,"column":1}},"line":11}},"branchMap":{"0":{"loc":{"start":{"line":18,"column":20},"end":{"line":18,"column":64}},"type":"cond-expr","locations":[{"start":{"line":18,"column":27},"end":{"line":18,"column":36}},{"start":{"line":18,"column":39},"end":{"line":18,"column":64}}],"line":18}},"s":{"0":0,"1":0,"2":0,"3":0,"4":0,"5":0,"6":0},"f":{"0":0},"b":{"0":[0,0]},"all":true},"/Users/zhiqing.feng/Desktop/Personal/TUN/software_testing_final/software_testing/src/.internal/baseClone.js":{"path":"/Users/zhiqing.feng/Desktop/Personal/TUN/software_testing_final/software_testing/src/.internal/baseClone.js","statementMap":{"0":{"start":{"line":25,"column":24},"end":{"line":25,"column":25}},"1":{"start":{"line":26,"column":24},"end":{"line":26,"column":25}},"2":{"start":{"line":27,"column":27},"end":{"line":27,"column":28}},"3":{"start":{"line":30,"column":16},"end":{"line":30,"column":36}},"4":{"start":{"line":31,"column":17},"end":{"line":31,"column":33}},"5":{"start":{"line":32,"column":16},"end":{"line":32,"column":34}},"6":{"start":{"line":33,"column":16},"end":{"line":33,"column":31}},"7":{"start":{"line":34,"column":17},"end":{"line":34,"column":33}},"8":{"start":{"line":35,"column":15},"end":{"line":35,"column":29}},"9":{"start":{"line":36,"column":18},"end":{"line":36,"column":35}},"10":{"start":{"line":37,"column":18},"end":{"line":37,"column":35}},"11":{"start":{"line":38,"column":18},"end":{"line":38,"column":35}},"12":{"start":{"line":39,"column":15},"end":{"line":39,"column":29}},"13":{"start":{"line":40,"column":18},"end":{"line":40,"column":35}},"14":{"start":{"line":41,"column":18},"end":{"line":41,"column":35}},"15":{"start":{"line":42,"column":19},"end":{"line":42,"column":37}},"16":{"start":{"line":44,"column":23},"end":{"line":44,"column":45}},"17":{"start":{"line":45,"column":20},"end":{"line":45,"column":39}},"18":{"start":{"line":46,"column":19},"end":{"line":46,"column":42}},"19":{"start":{"line":47,"column":19},"end":{"line":47,"column":42}},"20":{"start":{"line":48,"column":16},"end":{"line":48,"column":36}},"21":{"start":{"line":49,"column":17},"end":{"line":49,"column":38}},"22":{"start":{"line":50,"column":17},"end":{"line":50,"column":38}},"23":{"start":{"line":51,"column":17},"end":{"line":51,"column":38}},"24":{"start":{"line":52,"column":24},"end":{"line":52,"column":52}},"25":{"start":{"line":53,"column":18},"end":{"line":53,"column":40}},"26":{"start":{"line":54,"column":18},"end":{"line":54,"column":40}},"27":{"start":{"line":57,"column":22},"end":{"line":57,"column":24}},"28":{"start":{"line":58,"column":0},"end":{"line":68,"column":58}},"29":{"start":{"line":69,"column":0},"end":{"line":69,"column":59}},"30":{"start":{"line":72,"column":23},"end":{"line":72,"column":54}},"31":{"start":{"line":87,"column":15},"end":{"line":87,"column":33}},"32":{"start":{"line":88,"column":2},"end":{"line":119,"column":3}},"33":{"start":{"line":90,"column":6},"end":{"line":90,"column":37}},"34":{"start":{"line":94,"column":6},"end":{"line":94,"column":30}},"35":{"start":{"line":97,"column":6},"end":{"line":97,"column":42}},"36":{"start":{"line":102,"column":6},"end":{"line":102,"column":44}},"37":{"start":{"line":105,"column":6},"end":{"line":105,"column":21}},"38":{"start":{"line":109,"column":6},"end":{"line":109,"column":29}},"39":{"start":{"line":112,"column":6},"end":{"line":112,"column":32}},"40":{"start":{"line":115,"column":6},"end":{"line":115,"column":21}},"41":{"start":{"line":118,"column":6},"end":{"line":118,"column":32}},"42":{"start":{"line":130,"column":21},"end":{"line":130,"column":26}},"43":{"start":{"line":131,"column":17},"end":{"line":131,"column":46}},"44":{"start":{"line":134,"column":2},"end":{"line":137,"column":3}},"45":{"start":{"line":135,"column":4},"end":{"line":135,"column":30}},"46":{"start":{"line":136,"column":4},"end":{"line":136,"column":30}},"47":{"start":{"line":138,"column":2},"end":{"line":138,"column":15}},"48":{"start":{"line":159,"column":17},"end":{"line":159,"column":42}},"49":{"start":{"line":160,"column":17},"end":{"line":160,"column":42}},"50":{"start":{"line":161,"column":17},"end":{"line":161,"column":45}},"51":{"start":{"line":163,"column":2},"end":{"line":165,"column":3}},"52":{"start":{"line":164,"column":4},"end":{"line":164,"column":79}},"53":{"start":{"line":166,"column":2},"end":{"line":168,"column":3}},"54":{"start":{"line":167,"column":4},"end":{"line":167,"column":17}},"55":{"start":{"line":169,"column":2},"end":{"line":171,"column":3}},"56":{"start":{"line":170,"column":4},"end":{"line":170,"column":16}},"57":{"start":{"line":172,"column":16},"end":{"line":172,"column":36}},"58":{"start":{"line":173,"column":14},"end":{"line":173,"column":27}},"59":{"start":{"line":174,"column":2},"end":{"line":198,"column":3}},"60":{"start":{"line":175,"column":4},"end":{"line":175,"column":34}},"61":{"start":{"line":176,"column":4},"end":{"line":178,"column":5}},"62":{"start":{"line":177,"column":6},"end":{"line":177,"column":37}},"63":{"start":{"line":180,"column":19},"end":{"line":180,"column":46}},"64":{"start":{"line":182,"column":4},"end":{"line":184,"column":5}},"65":{"start":{"line":183,"column":6},"end":{"line":183,"column":39}},"66":{"start":{"line":185,"column":4},"end":{"line":197,"column":5}},"67":{"start":{"line":186,"column":6},"end":{"line":186,"column":63}},"68":{"start":{"line":187,"column":6},"end":{"line":191,"column":7}},"69":{"start":{"line":188,"column":8},"end":{"line":190,"column":60}},"70":{"start":{"line":193,"column":6},"end":{"line":195,"column":7}},"71":{"start":{"line":194,"column":8},"end":{"line":194,"column":34}},"72":{"start":{"line":196,"column":6},"end":{"line":196,"column":49}},"73":{"start":{"line":200,"column":2},"end":{"line":200,"column":30}},"74":{"start":{"line":201,"column":18},"end":{"line":201,"column":34}},"75":{"start":{"line":202,"column":2},"end":{"line":204,"column":3}},"76":{"start":{"line":203,"column":4},"end":{"line":203,"column":18}},"77":{"start":{"line":205,"column":2},"end":{"line":205,"column":26}},"78":{"start":{"line":207,"column":2},"end":{"line":212,"column":3}},"79":{"start":{"line":208,"column":4},"end":{"line":210,"column":6}},"80":{"start":{"line":209,"column":6},"end":{"line":209,"column":82}},"81":{"start":{"line":211,"column":4},"end":{"line":211,"column":17}},"82":{"start":{"line":214,"column":2},"end":{"line":219,"column":3}},"83":{"start":{"line":215,"column":4},"end":{"line":217,"column":6}},"84":{"start":{"line":216,"column":6},"end":{"line":216,"column":82}},"85":{"start":{"line":218,"column":4},"end":{"line":218,"column":17}},"86":{"start":{"line":221,"column":2},"end":{"line":223,"column":3}},"87":{"start":{"line":222,"column":4},"end":{"line":222,"column":17}},"88":{"start":{"line":225,"column":19},"end":{"line":227,"column":30}},"89":{"start":{"line":229,"column":16},"end":{"line":229,"column":51}},"90":{"start":{"line":230,"column":2},"end":{"line":237,"column":4}},"91":{"start":{"line":231,"column":4},"end":{"line":234,"column":5}},"92":{"start":{"line":232,"column":6},"end":{"line":232,"column":20}},"93":{"start":{"line":233,"column":6},"end":{"line":233,"column":27}},"94":{"start":{"line":236,"column":4},"end":{"line":236,"column":89}},"95":{"start":{"line":238,"column":2},"end":{"line":238,"column":15}}},"fnMap":{"0":{"name":"initCloneByTag","decl":{"start":{"line":86,"column":9},"end":{"line":86,"column":23}},"loc":{"start":{"line":86,"column":45},"end":{"line":120,"column":1}},"line":86},"1":{"name":"initCloneArray","decl":{"start":{"line":129,"column":9},"end":{"line":129,"column":23}},"loc":{"start":{"line":129,"column":31},"end":{"line":139,"column":1}},"line":129},"2":{"name":"baseClone","decl":{"start":{"line":157,"column":9},"end":{"line":157,"column":18}},"loc":{"start":{"line":157,"column":67},"end":{"line":239,"column":1}},"line":157},"3":{"name":"(anonymous_3)","decl":{"start":{"line":208,"column":18},"end":{"line":208,"column":19}},"loc":{"start":{"line":208,"column":37},"end":{"line":210,"column":5}},"line":208},"4":{"name":"(anonymous_4)","decl":{"start":{"line":215,"column":18},"end":{"line":215,"column":19}},"loc":{"start":{"line":215,"column":32},"end":{"line":217,"column":5}},"line":215},"5":{"name":"(anonymous_5)","decl":{"start":{"line":230,"column":28},"end":{"line":230,"column":29}},"loc":{"start":{"line":230,"column":47},"end":{"line":237,"column":3}},"line":230}},"branchMap":{"0":{"loc":{"start":{"line":88,"column":2},"end":{"line":119,"column":3}},"type":"switch","locations":[{"start":{"line":89,"column":4},"end":{"line":90,"column":37}},{"start":{"line":92,"column":4},"end":{"line":92,"column":17}},{"start":{"line":93,"column":4},"end":{"line":94,"column":30}},{"start":{"line":96,"column":4},"end":{"line":97,"column":42}},{"start":{"line":99,"column":4},"end":{"line":99,"column":20}},{"start":{"line":99,"column":21},"end":{"line":99,"column":37}},{"start":{"line":100,"column":4},"end":{"line":100,"column":17}},{"start":{"line":100,"column":18},"end":{"line":100,"column":32}},{"start":{"line":100,"column":33},"end":{"line":100,"column":47}},{"start":{"line":101,"column":4},"end":{"line":101,"column":18}},{"start":{"line":101,"column":19},"end":{"line":101,"column":40}},{"start":{"line":101,"column":41},"end":{"line":101,"column":56}},{"start":{"line":101,"column":57},"end":{"line":102,"column":44}},{"start":{"line":104,"column":4},"end":{"line":105,"column":21}},{"start":{"line":107,"column":4},"end":{"line":107,"column":19}},{"start":{"line":108,"column":4},"end":{"line":109,"column":29}},{"start":{"line":111,"column":4},"end":{"line":112,"column":32}},{"start":{"line":114,"column":4},"end":{"line":115,"column":21}},{"start":{"line":117,"column":4},"end":{"line":118,"column":32}}],"line":88},"1":{"loc":{"start":{"line":134,"column":2},"end":{"line":137,"column":3}},"type":"if","locations":[{"start":{"line":134,"column":2},"end":{"line":137,"column":3}},{"start":{},"end":{}}],"line":134},"2":{"loc":{"start":{"line":134,"column":6},"end":{"line":134,"column":83}},"type":"binary-expr","locations":[{"start":{"line":134,"column":6},"end":{"line":134,"column":12}},{"start":{"line":134,"column":16},"end":{"line":134,"column":44}},{"start":{"line":134,"column":48},"end":{"line":134,"column":83}}],"line":134},"3":{"loc":{"start":{"line":163,"column":2},"end":{"line":165,"column":3}},"type":"if","locations":[{"start":{"line":163,"column":2},"end":{"line":165,"column":3}},{"start":{},"end":{}}],"line":163},"4":{"loc":{"start":{"line":164,"column":13},"end":{"line":164,"column":79}},"type":"cond-expr","locations":[{"start":{"line":164,"column":22},"end":{"line":164,"column":59}},{"start":{"line":164,"column":62},"end":{"line":164,"column":79}}],"line":164},"5":{"loc":{"start":{"line":166,"column":2},"end":{"line":168,"column":3}},"type":"if","locations":[{"start":{"line":166,"column":2},"end":{"line":168,"column":3}},{"start":{},"end":{}}],"line":166},"6":{"loc":{"start":{"line":169,"column":2},"end":{"line":171,"column":3}},"type":"if","locations":[{"start":{"line":169,"column":2},"end":{"line":171,"column":3}},{"start":{},"end":{}}],"line":169},"7":{"loc":{"start":{"line":174,"column":2},"end":{"line":198,"column":3}},"type":"if","locations":[{"start":{"line":174,"column":2},"end":{"line":198,"column":3}},{"start":{"line":179,"column":9},"end":{"line":198,"column":3}}],"line":174},"8":{"loc":{"start":{"line":176,"column":4},"end":{"line":178,"column":5}},"type":"if","locations":[{"start":{"line":176,"column":4},"end":{"line":178,"column":5}},{"start":{},"end":{}}],"line":176},"9":{"loc":{"start":{"line":182,"column":4},"end":{"line":184,"column":5}},"type":"if","locations":[{"start":{"line":182,"column":4},"end":{"line":184,"column":5}},{"start":{},"end":{}}],"line":182},"10":{"loc":{"start":{"line":185,"column":4},"end":{"line":197,"column":5}},"type":"if","locations":[{"start":{"line":185,"column":4},"end":{"line":197,"column":5}},{"start":{"line":192,"column":11},"end":{"line":197,"column":5}}],"line":185},"11":{"loc":{"start":{"line":185,"column":8},"end":{"line":185,"column":65}},"type":"binary-expr","locations":[{"start":{"line":185,"column":8},"end":{"line":185,"column":24}},{"start":{"line":185,"column":28},"end":{"line":185,"column":42}},{"start":{"line":185,"column":47},"end":{"line":185,"column":53}},{"start":{"line":185,"column":57},"end":{"line":185,"column":64}}],"line":185},"12":{"loc":{"start":{"line":186,"column":15},"end":{"line":186,"column":63}},"type":"cond-expr","locations":[{"start":{"line":186,"column":36},"end":{"line":186,"column":38}},{"start":{"line":186,"column":41},"end":{"line":186,"column":63}}],"line":186},"13":{"loc":{"start":{"line":186,"column":16},"end":{"line":186,"column":32}},"type":"binary-expr","locations":[{"start":{"line":186,"column":16},"end":{"line":186,"column":22}},{"start":{"line":186,"column":26},"end":{"line":186,"column":32}}],"line":186},"14":{"loc":{"start":{"line":187,"column":6},"end":{"line":191,"column":7}},"type":"if","locations":[{"start":{"line":187,"column":6},"end":{"line":191,"column":7}},{"start":{},"end":{}}],"line":187},"15":{"loc":{"start":{"line":188,"column":15},"end":{"line":190,"column":60}},"type":"cond-expr","locations":[{"start":{"line":189,"column":12},"end":{"line":189,"column":74}},{"start":{"line":190,"column":12},"end":{"line":190,"column":60}}],"line":188},"16":{"loc":{"start":{"line":193,"column":6},"end":{"line":195,"column":7}},"type":"if","locations":[{"start":{"line":193,"column":6},"end":{"line":195,"column":7}},{"start":{},"end":{}}],"line":193},"17":{"loc":{"start":{"line":193,"column":10},"end":{"line":193,"column":39}},"type":"binary-expr","locations":[{"start":{"line":193,"column":10},"end":{"line":193,"column":16}},{"start":{"line":193,"column":20},"end":{"line":193,"column":39}}],"line":193},"18":{"loc":{"start":{"line":194,"column":15},"end":{"line":194,"column":34}},"type":"cond-expr","locations":[{"start":{"line":194,"column":24},"end":{"line":194,"column":29}},{"start":{"line":194,"column":32},"end":{"line":194,"column":34}}],"line":194},"19":{"loc":{"start":{"line":200,"column":2},"end":{"line":200,"column":30}},"type":"binary-expr","locations":[{"start":{"line":200,"column":2},"end":{"line":200,"column":7}},{"start":{"line":200,"column":12},"end":{"line":200,"column":29}}],"line":200},"20":{"loc":{"start":{"line":202,"column":2},"end":{"line":204,"column":3}},"type":"if","locations":[{"start":{"line":202,"column":2},"end":{"line":204,"column":3}},{"start":{},"end":{}}],"line":202},"21":{"loc":{"start":{"line":207,"column":2},"end":{"line":212,"column":3}},"type":"if","locations":[{"start":{"line":207,"column":2},"end":{"line":212,"column":3}},{"start":{},"end":{}}],"line":207},"22":{"loc":{"start":{"line":214,"column":2},"end":{"line":219,"column":3}},"type":"if","locations":[{"start":{"line":214,"column":2},"end":{"line":219,"column":3}},{"start":{},"end":{}}],"line":214},"23":{"loc":{"start":{"line":221,"column":2},"end":{"line":223,"column":3}},"type":"if","locations":[{"start":{"line":221,"column":2},"end":{"line":223,"column":3}},{"start":{},"end":{}}],"line":221},"24":{"loc":{"start":{"line":225,"column":19},"end":{"line":227,"column":30}},"type":"cond-expr","locations":[{"start":{"line":226,"column":7},"end":{"line":226,"column":41}},{"start":{"line":227,"column":7},"end":{"line":227,"column":29}}],"line":225},"25":{"loc":{"start":{"line":226,"column":7},"end":{"line":226,"column":41}},"type":"cond-expr","locations":[{"start":{"line":226,"column":16},"end":{"line":226,"column":28}},{"start":{"line":226,"column":31},"end":{"line":226,"column":41}}],"line":226},"26":{"loc":{"start":{"line":227,"column":7},"end":{"line":227,"column":29}},"type":"cond-expr","locations":[{"start":{"line":227,"column":16},"end":{"line":227,"column":22}},{"start":{"line":227,"column":25},"end":{"line":227,"column":29}}],"line":227},"27":{"loc":{"start":{"line":229,"column":16},"end":{"line":229,"column":51}},"type":"cond-expr","locations":[{"start":{"line":229,"column":24},"end":{"line":229,"column":33}},{"start":{"line":229,"column":36},"end":{"line":229,"column":51}}],"line":229},"28":{"loc":{"start":{"line":230,"column":12},"end":{"line":230,"column":26}},"type":"binary-expr","locations":[{"start":{"line":230,"column":12},"end":{"line":230,"column":17}},{"start":{"line":230,"column":21},"end":{"line":230,"column":26}}],"line":230},"29":{"loc":{"start":{"line":231,"column":4},"end":{"line":234,"column":5}},"type":"if","locations":[{"start":{"line":231,"column":4},"end":{"line":234,"column":5}},{"start":{},"end":{}}],"line":231}},"s":{"0":0,"1":0,"2":0,"3":0,"4":0,"5":0,"6":0,"7":0,"8":0,"9":0,"10":0,"11":0,"12":0,"13":0,"14":0,"15":0,"16":0,"17":0,"18":0,"19":0,"20":0,"21":0,"22":0,"23":0,"24":0,"25":0,"26":0,"27":0,"28":0,"29":0,"30":0,"31":0,"32":0,"33":0,"34":0,"35":0,"36":0,"37":0,"38":0,"39":0,"40":0,"41":0,"42":0,"43":0,"44":0,"45":0,"46":0,"47":0,"48":0,"49":0,"50":0,"51":0,"52":0,"53":0,"54":0,"55":0,"56":0,"57":0,"58":0,"59":0,"60":0,"61":0,"62":0,"63":0,"64":0,"65":0,"66":0,"67":0,"68":0,"69":0,"70":0,"71":0,"72":0,"73":0,"74":0,"75":0,"76":0,"77":0,"78":0,"79":0,"80":0,"81":0,"82":0,"83":0,"84":0,"85":0,"86":0,"87":0,"88":0,"89":0,"90":0,"91":0,"92":0,"93":0,"94":0,"95":0},"f":{"0":0,"1":0,"2":0,"3":0,"4":0,"5":0},"b":{"0":[0,0,0,0,0,0,0,0,0,0,0,0,0,0,0,0,0,0,0],"1":[0,0],"2":[0,0,0],"3":[0,0],"4":[0,0],"5":[0,0],"6":[0,0],"7":[0,0],"8":[0,0],"9":[0,0],"10":[0,0],"11":[0,0,0,0],"12":[0,0],"13":[0,0],"14":[0,0],"15":[0,0],"16":[0,0],"17":[0,0],"18":[0,0],"19":[0,0],"20":[0,0],"21":[0,0],"22":[0,0],"23":[0,0],"24":[0,0],"25":[0,0],"26":[0,0],"27":[0,0],"28":[0,0],"29":[0,0]},"all":true},"/Users/zhiqing.feng/Desktop/Personal/TUN/software_testing_final/software_testing/src/.internal/baseConforms.js":{"path":"/Users/zhiqing.feng/Desktop/Personal/TUN/software_testing_final/software_testing/src/.internal/baseConforms.js","statementMap":{"0":{"start":{"line":12,"column":16},"end":{"line":12,"column":28}},"1":{"start":{"line":13,"column":2},"end":{"line":13,"column":58}},"2":{"start":{"line":13,"column":21},"end":{"line":13,"column":58}}},"fnMap":{"0":{"name":"baseConforms","decl":{"start":{"line":11,"column":9},"end":{"line":11,"column":21}},"loc":{"start":{"line":11,"column":30},"end":{"line":14,"column":1}},"line":11},"1":{"name":"(anonymous_1)","decl":{"start":{"line":13,"column":9},"end":{"line":13,"column":10}},"loc":{"start":{"line":13,"column":21},"end":{"line":13,"column":58}},"line":13}},"branchMap":{},"s":{"0":0,"1":0,"2":0},"f":{"0":0,"1":0},"b":{},"all":true},"/Users/zhiqing.feng/Desktop/Personal/TUN/software_testing_final/software_testing/src/.internal/baseConformsTo.js":{"path":"/Users/zhiqing.feng/Desktop/Personal/TUN/software_testing_final/software_testing/src/.internal/baseConformsTo.js","statementMap":{"0":{"start":{"line":10,"column":15},"end":{"line":10,"column":27}},"1":{"start":{"line":11,"column":2},"end":{"line":13,"column":3}},"2":{"start":{"line":12,"column":4},"end":{"line":12,"column":18}},"3":{"start":{"line":14,"column":2},"end":{"line":14,"column":25}},"4":{"start":{"line":15,"column":2},"end":{"line":23,"column":3}},"5":{"start":{"line":16,"column":16},"end":{"line":16,"column":29}},"6":{"start":{"line":17,"column":22},"end":{"line":17,"column":33}},"7":{"start":{"line":18,"column":18},"end":{"line":18,"column":29}},"8":{"start":{"line":20,"column":4},"end":{"line":22,"column":5}},"9":{"start":{"line":21,"column":6},"end":{"line":21,"column":18}},"10":{"start":{"line":24,"column":2},"end":{"line":24,"column":13}}},"fnMap":{"0":{"name":"baseConformsTo","decl":{"start":{"line":9,"column":9},"end":{"line":9,"column":23}},"loc":{"start":{"line":9,"column":47},"end":{"line":25,"column":1}},"line":9}},"branchMap":{"0":{"loc":{"start":{"line":11,"column":2},"end":{"line":13,"column":3}},"type":"if","locations":[{"start":{"line":11,"column":2},"end":{"line":13,"column":3}},{"start":{},"end":{}}],"line":11},"1":{"loc":{"start":{"line":20,"column":4},"end":{"line":22,"column":5}},"type":"if","locations":[{"start":{"line":20,"column":4},"end":{"line":22,"column":5}},{"start":{},"end":{}}],"line":20},"2":{"loc":{"start":{"line":20,"column":8},"end":{"line":20,"column":70}},"type":"binary-expr","locations":[{"start":{"line":20,"column":9},"end":{"line":20,"column":28}},{"start":{"line":20,"column":32},"end":{"line":20,"column":48}},{"start":{"line":20,"column":53},"end":{"line":20,"column":70}}],"line":20}},"s":{"0":0,"1":0,"2":0,"3":0,"4":0,"5":0,"6":0,"7":0,"8":0,"9":0,"10":0},"f":{"0":0},"b":{"0":[0,0],"1":[0,0],"2":[0,0,0]},"all":true},"/Users/zhiqing.feng/Desktop/Personal/TUN/software_testing_final/software_testing/src/.internal/baseDifference.js":{"path":"/Users/zhiqing.feng/Desktop/Personal/TUN/software_testing_final/software_testing/src/.internal/baseDifference.js","statementMap":{"0":{"start":{"line":8,"column":25},"end":{"line":8,"column":28}},"1":{"start":{"line":22,"column":17},"end":{"line":22,"column":30}},"2":{"start":{"line":23,"column":17},"end":{"line":23,"column":21}},"3":{"start":{"line":24,"column":17},"end":{"line":24,"column":19}},"4":{"start":{"line":25,"column":23},"end":{"line":25,"column":36}},"5":{"start":{"line":27,"column":2},"end":{"line":29,"column":3}},"6":{"start":{"line":28,"column":4},"end":{"line":28,"column":17}},"7":{"start":{"line":30,"column":2},"end":{"line":32,"column":3}},"8":{"start":{"line":31,"column":4},"end":{"line":31,"column":52}},"9":{"start":{"line":31,"column":36},"end":{"line":31,"column":51}},"10":{"start":{"line":33,"column":2},"end":{"line":41,"column":3}},"11":{"start":{"line":34,"column":4},"end":{"line":34,"column":32}},"12":{"start":{"line":35,"column":4},"end":{"line":35,"column":20}},"13":{"start":{"line":37,"column":7},"end":{"line":41,"column":3}},"14":{"start":{"line":38,"column":4},"end":{"line":38,"column":23}},"15":{"start":{"line":39,"column":4},"end":{"line":39,"column":20}},"16":{"start":{"line":40,"column":4},"end":{"line":40,"column":33}},"17":{"start":{"line":42,"column":2},"end":{"line":59,"column":3}},"18":{"start":{"line":43,"column":2},"end":{"line":59,"column":3}},"19":{"start":{"line":44,"column":21},"end":{"line":44,"column":63}},"20":{"start":{"line":46,"column":4},"end":{"line":46,"column":51}},"21":{"start":{"line":47,"column":4},"end":{"line":58,"column":5}},"22":{"start":{"line":48,"column":24},"end":{"line":48,"column":36}},"23":{"start":{"line":49,"column":6},"end":{"line":53,"column":7}},"24":{"start":{"line":50,"column":8},"end":{"line":52,"column":9}},"25":{"start":{"line":51,"column":10},"end":{"line":51,"column":24}},"26":{"start":{"line":54,"column":6},"end":{"line":54,"column":24}},"27":{"start":{"line":56,"column":9},"end":{"line":58,"column":5}},"28":{"start":{"line":57,"column":6},"end":{"line":57,"column":24}},"29":{"start":{"line":60,"column":2},"end":{"line":60,"column":15}}},"fnMap":{"0":{"name":"baseDifference","decl":{"start":{"line":21,"column":9},"end":{"line":21,"column":23}},"loc":{"start":{"line":21,"column":61},"end":{"line":61,"column":1}},"line":21},"1":{"name":"(anonymous_1)","decl":{"start":{"line":31,"column":25},"end":{"line":31,"column":26}},"loc":{"start":{"line":31,"column":36},"end":{"line":31,"column":51}},"line":31}},"branchMap":{"0":{"loc":{"start":{"line":27,"column":2},"end":{"line":29,"column":3}},"type":"if","locations":[{"start":{"line":27,"column":2},"end":{"line":29,"column":3}},{"start":{},"end":{}}],"line":27},"1":{"loc":{"start":{"line":30,"column":2},"end":{"line":32,"column":3}},"type":"if","locations":[{"start":{"line":30,"column":2},"end":{"line":32,"column":3}},{"start":{},"end":{}}],"line":30},"2":{"loc":{"start":{"line":33,"column":2},"end":{"line":41,"column":3}},"type":"if","locations":[{"start":{"line":33,"column":2},"end":{"line":41,"column":3}},{"start":{"line":37,"column":7},"end":{"line":41,"column":3}}],"line":33},"3":{"loc":{"start":{"line":37,"column":7},"end":{"line":41,"column":3}},"type":"if","locations":[{"start":{"line":37,"column":7},"end":{"line":41,"column":3}},{"start":{},"end":{}}],"line":37},"4":{"loc":{"start":{"line":44,"column":21},"end":{"line":44,"column":63}},"type":"cond-expr","locations":[{"start":{"line":44,"column":40},"end":{"line":44,"column":45}},{"start":{"line":44,"column":48},"end":{"line":44,"column":63}}],"line":44},"5":{"loc":{"start":{"line":46,"column":12},"end":{"line":46,"column":51}},"type":"cond-expr","locations":[{"start":{"line":46,"column":42},"end":{"line":46,"column":47}},{"start":{"line":46,"column":50},"end":{"line":46,"column":51}}],"line":46},"6":{"loc":{"start":{"line":46,"column":13},"end":{"line":46,"column":38}},"type":"binary-expr","locations":[{"start":{"line":46,"column":13},"end":{"line":46,"column":23}},{"start":{"line":46,"column":27},"end":{"line":46,"column":38}}],"line":46},"7":{"loc":{"start":{"line":47,"column":4},"end":{"line":58,"column":5}},"type":"if","locations":[{"start":{"line":47,"column":4},"end":{"line":58,"column":5}},{"start":{"line":56,"column":9},"end":{"line":58,"column":5}}],"line":47},"8":{"loc":{"start":{"line":47,"column":8},"end":{"line":47,"column":41}},"type":"binary-expr","locations":[{"start":{"line":47,"column":8},"end":{"line":47,"column":16}},{"start":{"line":47,"column":20},"end":{"line":47,"column":41}}],"line":47},"9":{"loc":{"start":{"line":50,"column":8},"end":{"line":52,"column":9}},"type":"if","locations":[{"start":{"line":50,"column":8},"end":{"line":52,"column":9}},{"start":{},"end":{}}],"line":50},"10":{"loc":{"start":{"line":56,"column":9},"end":{"line":58,"column":5}},"type":"if","locations":[{"start":{"line":56,"column":9},"end":{"line":58,"column":5}},{"start":{},"end":{}}],"line":56}},"s":{"0":0,"1":0,"2":0,"3":0,"4":0,"5":0,"6":0,"7":0,"8":0,"9":0,"10":0,"11":0,"12":0,"13":0,"14":0,"15":0,"16":0,"17":0,"18":0,"19":0,"20":0,"21":0,"22":0,"23":0,"24":0,"25":0,"26":0,"27":0,"28":0,"29":0},"f":{"0":0,"1":0},"b":{"0":[0,0],"1":[0,0],"2":[0,0],"3":[0,0],"4":[0,0],"5":[0,0],"6":[0,0],"7":[0,0],"8":[0,0],"9":[0,0],"10":[0,0]},"all":true},"/Users/zhiqing.feng/Desktop/Personal/TUN/software_testing_final/software_testing/src/.internal/baseEach.js":{"path":"/Users/zhiqing.feng/Desktop/Personal/TUN/software_testing_final/software_testing/src/.internal/baseEach.js","statementMap":{"0":{"start":{"line":13,"column":2},"end":{"line":15,"column":3}},"1":{"start":{"line":14,"column":4},"end":{"line":14,"column":21}},"2":{"start":{"line":16,"column":2},"end":{"line":18,"column":3}},"3":{"start":{"line":17,"column":4},"end":{"line":17,"column":43}},"4":{"start":{"line":19,"column":17},"end":{"line":19,"column":34}},"5":{"start":{"line":20,"column":19},"end":{"line":20,"column":37}},"6":{"start":{"line":21,"column":14},"end":{"line":21,"column":16}},"7":{"start":{"line":23,"column":2},"end":{"line":27,"column":3}},"8":{"start":{"line":24,"column":4},"end":{"line":26,"column":5}},"9":{"start":{"line":25,"column":6},"end":{"line":25,"column":11}},"10":{"start":{"line":28,"column":2},"end":{"line":28,"column":19}}},"fnMap":{"0":{"name":"baseEach","decl":{"start":{"line":12,"column":9},"end":{"line":12,"column":17}},"loc":{"start":{"line":12,"column":40},"end":{"line":29,"column":1}},"line":12}},"branchMap":{"0":{"loc":{"start":{"line":13,"column":2},"end":{"line":15,"column":3}},"type":"if","locations":[{"start":{"line":13,"column":2},"end":{"line":15,"column":3}},{"start":{},"end":{}}],"line":13},"1":{"loc":{"start":{"line":16,"column":2},"end":{"line":18,"column":3}},"type":"if","locations":[{"start":{"line":16,"column":2},"end":{"line":18,"column":3}},{"start":{},"end":{}}],"line":16},"2":{"loc":{"start":{"line":24,"column":4},"end":{"line":26,"column":5}},"type":"if","locations":[{"start":{"line":24,"column":4},"end":{"line":26,"column":5}},{"start":{},"end":{}}],"line":24}},"s":{"0":0,"1":0,"2":0,"3":0,"4":0,"5":0,"6":0,"7":0,"8":0,"9":0,"10":0},"f":{"0":0},"b":{"0":[0,0],"1":[0,0],"2":[0,0]},"all":true},"/Users/zhiqing.feng/Desktop/Personal/TUN/software_testing_final/software_testing/src/.internal/baseEachRight.js":{"path":"/Users/zhiqing.feng/Desktop/Personal/TUN/software_testing_final/software_testing/src/.internal/baseEachRight.js","statementMap":{"0":{"start":{"line":13,"column":2},"end":{"line":15,"column":3}},"1":{"start":{"line":14,"column":4},"end":{"line":14,"column":21}},"2":{"start":{"line":16,"column":2},"end":{"line":18,"column":3}},"3":{"start":{"line":17,"column":4},"end":{"line":17,"column":48}},"4":{"start":{"line":19,"column":19},"end":{"line":19,"column":37}},"5":{"start":{"line":20,"column":15},"end":{"line":20,"column":32}},"6":{"start":{"line":22,"column":2},"end":{"line":26,"column":3}},"7":{"start":{"line":23,"column":4},"end":{"line":25,"column":5}},"8":{"start":{"line":24,"column":6},"end":{"line":24,"column":11}},"9":{"start":{"line":27,"column":2},"end":{"line":27,"column":19}}},"fnMap":{"0":{"name":"baseEachRight","decl":{"start":{"line":12,"column":9},"end":{"line":12,"column":22}},"loc":{"start":{"line":12,"column":45},"end":{"line":28,"column":1}},"line":12}},"branchMap":{"0":{"loc":{"start":{"line":13,"column":2},"end":{"line":15,"column":3}},"type":"if","locations":[{"start":{"line":13,"column":2},"end":{"line":15,"column":3}},{"start":{},"end":{}}],"line":13},"1":{"loc":{"start":{"line":16,"column":2},"end":{"line":18,"column":3}},"type":"if","locations":[{"start":{"line":16,"column":2},"end":{"line":18,"column":3}},{"start":{},"end":{}}],"line":16},"2":{"loc":{"start":{"line":23,"column":4},"end":{"line":25,"column":5}},"type":"if","locations":[{"start":{"line":23,"column":4},"end":{"line":25,"column":5}},{"start":{},"end":{}}],"line":23}},"s":{"0":0,"1":0,"2":0,"3":0,"4":0,"5":0,"6":0,"7":0,"8":0,"9":0},"f":{"0":0},"b":{"0":[0,0],"1":[0,0],"2":[0,0]},"all":true},"/Users/zhiqing.feng/Desktop/Personal/TUN/software_testing_final/software_testing/src/.internal/baseFindIndex.js":{"path":"/Users/zhiqing.feng/Desktop/Personal/TUN/software_testing_final/software_testing/src/.internal/baseFindIndex.js","statementMap":{"0":{"start":{"line":12,"column":21},"end":{"line":12,"column":26}},"1":{"start":{"line":13,"column":14},"end":{"line":13,"column":46}},"2":{"start":{"line":15,"column":2},"end":{"line":19,"column":3}},"3":{"start":{"line":16,"column":4},"end":{"line":18,"column":5}},"4":{"start":{"line":17,"column":6},"end":{"line":17,"column":18}},"5":{"start":{"line":20,"column":2},"end":{"line":20,"column":11}}},"fnMap":{"0":{"name":"baseFindIndex","decl":{"start":{"line":11,"column":9},"end":{"line":11,"column":22}},"loc":{"start":{"line":11,"column":63},"end":{"line":21,"column":1}},"line":11}},"branchMap":{"0":{"loc":{"start":{"line":13,"column":27},"end":{"line":13,"column":45}},"type":"cond-expr","locations":[{"start":{"line":13,"column":39},"end":{"line":13,"column":40}},{"start":{"line":13,"column":43},"end":{"line":13,"column":45}}],"line":13},"1":{"loc":{"start":{"line":15,"column":10},"end":{"line":15,"column":48}},"type":"cond-expr","locations":[{"start":{"line":15,"column":22},"end":{"line":15,"column":29}},{"start":{"line":15,"column":32},"end":{"line":15,"column":48}}],"line":15},"2":{"loc":{"start":{"line":16,"column":4},"end":{"line":18,"column":5}},"type":"if","locations":[{"start":{"line":16,"column":4},"end":{"line":18,"column":5}},{"start":{},"end":{}}],"line":16}},"s":{"0":0,"1":0,"2":0,"3":0,"4":0,"5":0},"f":{"0":0},"b":{"0":[0,0],"1":[0,0],"2":[0,0]},"all":true},"/Users/zhiqing.feng/Desktop/Personal/TUN/software_testing_final/software_testing/src/.internal/baseFindKey.js":{"path":"/Users/zhiqing.feng/Desktop/Personal/TUN/software_testing_final/software_testing/src/.internal/baseFindKey.js","statementMap":{"0":{"start":{"line":13,"column":2},"end":{"line":18,"column":4}},"1":{"start":{"line":14,"column":4},"end":{"line":17,"column":5}},"2":{"start":{"line":15,"column":6},"end":{"line":15,"column":18}},"3":{"start":{"line":16,"column":6},"end":{"line":16,"column":18}},"4":{"start":{"line":19,"column":2},"end":{"line":19,"column":15}}},"fnMap":{"0":{"name":"baseFindKey","decl":{"start":{"line":11,"column":9},"end":{"line":11,"column":20}},"loc":{"start":{"line":11,"column":54},"end":{"line":20,"column":1}},"line":11},"1":{"name":"(anonymous_1)","decl":{"start":{"line":13,"column":23},"end":{"line":13,"column":24}},"loc":{"start":{"line":13,"column":51},"end":{"line":18,"column":3}},"line":13}},"branchMap":{"0":{"loc":{"start":{"line":14,"column":4},"end":{"line":17,"column":5}},"type":"if","locations":[{"start":{"line":14,"column":4},"end":{"line":17,"column":5}},{"start":{},"end":{}}],"line":14}},"s":{"0":0,"1":0,"2":0,"3":0,"4":0},"f":{"0":0,"1":0},"b":{"0":[0,0]},"all":true},"/Users/zhiqing.feng/Desktop/Personal/TUN/software_testing_final/software_testing/src/.internal/baseFlatten.js":{"path":"/Users/zhiqing.feng/Desktop/Personal/TUN/software_testing_final/software_testing/src/.internal/baseFlatten.js","statementMap":{"0":{"start":{"line":15,"column":2},"end":{"line":15,"column":42}},"1":{"start":{"line":16,"column":2},"end":{"line":16,"column":25}},"2":{"start":{"line":18,"column":2},"end":{"line":20,"column":3}},"3":{"start":{"line":19,"column":4},"end":{"line":19,"column":17}},"4":{"start":{"line":22,"column":2},"end":{"line":33,"column":3}},"5":{"start":{"line":23,"column":4},"end":{"line":32,"column":5}},"6":{"start":{"line":24,"column":6},"end":{"line":29,"column":7}},"7":{"start":{"line":26,"column":8},"end":{"line":26,"column":66}},"8":{"start":{"line":28,"column":8},"end":{"line":28,"column":29}},"9":{"start":{"line":30,"column":11},"end":{"line":32,"column":5}},"10":{"start":{"line":31,"column":6},"end":{"line":31,"column":35}},"11":{"start":{"line":34,"column":2},"end":{"line":34,"column":15}}},"fnMap":{"0":{"name":"baseFlatten","decl":{"start":{"line":14,"column":9},"end":{"line":14,"column":20}},"loc":{"start":{"line":14,"column":64},"end":{"line":35,"column":1}},"line":14}},"branchMap":{"0":{"loc":{"start":{"line":15,"column":2},"end":{"line":15,"column":42}},"type":"binary-expr","locations":[{"start":{"line":15,"column":2},"end":{"line":15,"column":11}},{"start":{"line":15,"column":16},"end":{"line":15,"column":41}}],"line":15},"1":{"loc":{"start":{"line":16,"column":2},"end":{"line":16,"column":25}},"type":"binary-expr","locations":[{"start":{"line":16,"column":2},"end":{"line":16,"column":8}},{"start":{"line":16,"column":13},"end":{"line":16,"column":24}}],"line":16},"2":{"loc":{"start":{"line":18,"column":2},"end":{"line":20,"column":3}},"type":"if","locations":[{"start":{"line":18,"column":2},"end":{"line":20,"column":3}},{"start":{},"end":{}}],"line":18},"3":{"loc":{"start":{"line":23,"column":4},"end":{"line":32,"column":5}},"type":"if","locations":[{"start":{"line":23,"column":4},"end":{"line":32,"column":5}},{"start":{"line":30,"column":11},"end":{"line":32,"column":5}}],"line":23},"4":{"loc":{"start":{"line":23,"column":8},"end":{"line":23,"column":37}},"type":"binary-expr","locations":[{"start":{"line":23,"column":8},"end":{"line":23,"column":17}},{"start":{"line":23,"column":21},"end":{"line":23,"column":37}}],"line":23},"5":{"loc":{"start":{"line":24,"column":6},"end":{"line":29,"column":7}},"type":"if","locations":[{"start":{"line":24,"column":6},"end":{"line":29,"column":7}},{"start":{"line":27,"column":13},"end":{"line":29,"column":7}}],"line":24},"6":{"loc":{"start":{"line":30,"column":11},"end":{"line":32,"column":5}},"type":"if","locations":[{"start":{"line":30,"column":11},"end":{"line":32,"column":5}},{"start":{},"end":{}}],"line":30}},"s":{"0":0,"1":0,"2":0,"3":0,"4":0,"5":0,"6":0,"7":0,"8":0,"9":0,"10":0,"11":0},"f":{"0":0},"b":{"0":[0,0],"1":[0,0],"2":[0,0],"3":[0,0],"4":[0,0],"5":[0,0],"6":[0,0]},"all":true},"/Users/zhiqing.feng/Desktop/Personal/TUN/software_testing_final/software_testing/src/.internal/baseFor.js":{"path":"/Users/zhiqing.feng/Desktop/Personal/TUN/software_testing_final/software_testing/src/.internal/baseFor.js","statementMap":{"0":{"start":{"line":13,"column":19},"end":{"line":13,"column":33}},"1":{"start":{"line":14,"column":16},"end":{"line":14,"column":32}},"2":{"start":{"line":15,"column":19},"end":{"line":15,"column":24}},"3":{"start":{"line":16,"column":14},"end":{"line":16,"column":16}},"4":{"start":{"line":18,"column":2},"end":{"line":23,"column":3}},"5":{"start":{"line":19,"column":16},"end":{"line":19,"column":30}},"6":{"start":{"line":20,"column":4},"end":{"line":22,"column":5}},"7":{"start":{"line":21,"column":6},"end":{"line":21,"column":11}},"8":{"start":{"line":24,"column":2},"end":{"line":24,"column":15}}},"fnMap":{"0":{"name":"baseFor","decl":{"start":{"line":12,"column":9},"end":{"line":12,"column":16}},"loc":{"start":{"line":12,"column":45},"end":{"line":25,"column":1}},"line":12}},"branchMap":{"0":{"loc":{"start":{"line":20,"column":4},"end":{"line":22,"column":5}},"type":"if","locations":[{"start":{"line":20,"column":4},"end":{"line":22,"column":5}},{"start":{},"end":{}}],"line":20}},"s":{"0":0,"1":0,"2":0,"3":0,"4":0,"5":0,"6":0,"7":0,"8":0},"f":{"0":0},"b":{"0":[0,0]},"all":true},"/Users/zhiqing.feng/Desktop/Personal/TUN/software_testing_final/software_testing/src/.internal/baseForOwn.js":{"path":"/Users/zhiqing.feng/Desktop/Personal/TUN/software_testing_final/software_testing/src/.internal/baseForOwn.js","statementMap":{"0":{"start":{"line":13,"column":2},"end":{"line":13,"column":50}}},"fnMap":{"0":{"name":"baseForOwn","decl":{"start":{"line":12,"column":9},"end":{"line":12,"column":19}},"loc":{"start":{"line":12,"column":38},"end":{"line":14,"column":1}},"line":12}},"branchMap":{"0":{"loc":{"start":{"line":13,"column":9},"end":{"line":13,"column":50}},"type":"binary-expr","locations":[{"start":{"line":13,"column":9},"end":{"line":13,"column":15}},{"start":{"line":13,"column":19},"end":{"line":13,"column":50}}],"line":13}},"s":{"0":0},"f":{"0":0},"b":{"0":[0,0]},"all":true},"/Users/zhiqing.feng/Desktop/Personal/TUN/software_testing_final/software_testing/src/.internal/baseForOwnRight.js":{"path":"/Users/zhiqing.feng/Desktop/Personal/TUN/software_testing_final/software_testing/src/.internal/baseForOwnRight.js","statementMap":{"0":{"start":{"line":13,"column":2},"end":{"line":13,"column":55}}},"fnMap":{"0":{"name":"baseForOwnRight","decl":{"start":{"line":12,"column":9},"end":{"line":12,"column":24}},"loc":{"start":{"line":12,"column":43},"end":{"line":14,"column":1}},"line":12}},"branchMap":{"0":{"loc":{"start":{"line":13,"column":9},"end":{"line":13,"column":55}},"type":"binary-expr","locations":[{"start":{"line":13,"column":9},"end":{"line":13,"column":15}},{"start":{"line":13,"column":19},"end":{"line":13,"column":55}}],"line":13}},"s":{"0":0},"f":{"0":0},"b":{"0":[0,0]},"all":true},"/Users/zhiqing.feng/Desktop/Personal/TUN/software_testing_final/software_testing/src/.internal/baseForRight.js":{"path":"/Users/zhiqing.feng/Desktop/Personal/TUN/software_testing_final/software_testing/src/.internal/baseForRight.js","statementMap":{"0":{"start":{"line":12,"column":19},"end":{"line":12,"column":33}},"1":{"start":{"line":13,"column":16},"end":{"line":13,"column":32}},"2":{"start":{"line":14,"column":19},"end":{"line":14,"column":24}},"3":{"start":{"line":16,"column":2},"end":{"line":21,"column":3}},"4":{"start":{"line":17,"column":16},"end":{"line":17,"column":29}},"5":{"start":{"line":18,"column":4},"end":{"line":20,"column":5}},"6":{"start":{"line":19,"column":6},"end":{"line":19,"column":11}},"7":{"start":{"line":22,"column":2},"end":{"line":22,"column":15}}},"fnMap":{"0":{"name":"baseForRight","decl":{"start":{"line":11,"column":9},"end":{"line":11,"column":21}},"loc":{"start":{"line":11,"column":50},"end":{"line":23,"column":1}},"line":11}},"branchMap":{"0":{"loc":{"start":{"line":18,"column":4},"end":{"line":20,"column":5}},"type":"if","locations":[{"start":{"line":18,"column":4},"end":{"line":20,"column":5}},{"start":{},"end":{}}],"line":18}},"s":{"0":0,"1":0,"2":0,"3":0,"4":0,"5":0,"6":0,"7":0},"f":{"0":0},"b":{"0":[0,0]},"all":true},"/Users/zhiqing.feng/Desktop/Personal/TUN/software_testing_final/software_testing/src/.internal/baseGet.js":{"path":"/Users/zhiqing.feng/Desktop/Personal/TUN/software_testing_final/software_testing/src/.internal/baseGet.js","statementMap":{"0":{"start":{"line":13,"column":2},"end":{"line":13,"column":31}},"1":{"start":{"line":15,"column":14},"end":{"line":15,"column":15}},"2":{"start":{"line":16,"column":17},"end":{"line":16,"column":28}},"3":{"start":{"line":18,"column":2},"end":{"line":20,"column":3}},"4":{"start":{"line":19,"column":4},"end":{"line":19,"column":41}},"5":{"start":{"line":21,"column":2},"end":{"line":21,"column":56}}},"fnMap":{"0":{"name":"baseGet","decl":{"start":{"line":12,"column":9},"end":{"line":12,"column":16}},"loc":{"start":{"line":12,"column":31},"end":{"line":22,"column":1}},"line":12}},"branchMap":{"0":{"loc":{"start":{"line":18,"column":9},"end":{"line":18,"column":41}},"type":"binary-expr","locations":[{"start":{"line":18,"column":9},"end":{"line":18,"column":23}},{"start":{"line":18,"column":27},"end":{"line":18,"column":41}}],"line":18},"1":{"loc":{"start":{"line":21,"column":9},"end":{"line":21,"column":56}},"type":"cond-expr","locations":[{"start":{"line":21,"column":38},"end":{"line":21,"column":44}},{"start":{"line":21,"column":47},"end":{"line":21,"column":56}}],"line":21},"2":{"loc":{"start":{"line":21,"column":10},"end":{"line":21,"column":34}},"type":"binary-expr","locations":[{"start":{"line":21,"column":10},"end":{"line":21,"column":15}},{"start":{"line":21,"column":19},"end":{"line":21,"column":34}}],"line":21}},"s":{"0":0,"1":0,"2":0,"3":0,"4":0,"5":0},"f":{"0":0},"b":{"0":[0,0],"1":[0,0],"2":[0,0]},"all":true},"/Users/zhiqing.feng/Desktop/Personal/TUN/software_testing_final/software_testing/src/.internal/baseIndexOf.js":{"path":"/Users/zhiqing.feng/Desktop/Personal/TUN/software_testing_final/software_testing/src/.internal/baseIndexOf.js","statementMap":{"0":{"start":{"line":15,"column":2},"end":{"line":17,"column":48}}},"fnMap":{"0":{"name":"baseIndexOf","decl":{"start":{"line":14,"column":9},"end":{"line":14,"column":20}},"loc":{"start":{"line":14,"column":46},"end":{"line":18,"column":1}},"line":14}},"branchMap":{"0":{"loc":{"start":{"line":15,"column":9},"end":{"line":17,"column":48}},"type":"cond-expr","locations":[{"start":{"line":16,"column":6},"end":{"line":16,"column":44}},{"start":{"line":17,"column":6},"end":{"line":17,"column":48}}],"line":15}},"s":{"0":0},"f":{"0":0},"b":{"0":[0,0]},"all":true},"/Users/zhiqing.feng/Desktop/Personal/TUN/software_testing_final/software_testing/src/.internal/baseIndexOfWith.js":{"path":"/Users/zhiqing.feng/Desktop/Personal/TUN/software_testing_final/software_testing/src/.internal/baseIndexOfWith.js","statementMap":{"0":{"start":{"line":12,"column":14},"end":{"line":12,"column":27}},"1":{"start":{"line":13,"column":21},"end":{"line":13,"column":26}},"2":{"start":{"line":15,"column":2},"end":{"line":19,"column":3}},"3":{"start":{"line":16,"column":4},"end":{"line":18,"column":5}},"4":{"start":{"line":17,"column":6},"end":{"line":17,"column":18}},"5":{"start":{"line":20,"column":2},"end":{"line":20,"column":11}}},"fnMap":{"0":{"name":"baseIndexOfWith","decl":{"start":{"line":11,"column":9},"end":{"line":11,"column":24}},"loc":{"start":{"line":11,"column":62},"end":{"line":21,"column":1}},"line":11}},"branchMap":{"0":{"loc":{"start":{"line":16,"column":4},"end":{"line":18,"column":5}},"type":"if","locations":[{"start":{"line":16,"column":4},"end":{"line":18,"column":5}},{"start":{},"end":{}}],"line":16}},"s":{"0":0,"1":0,"2":0,"3":0,"4":0,"5":0},"f":{"0":0},"b":{"0":[0,0]},"all":true},"/Users/zhiqing.feng/Desktop/Personal/TUN/software_testing_final/software_testing/src/.internal/baseInRange.js":{"path":"/Users/zhiqing.feng/Desktop/Personal/TUN/software_testing_final/software_testing/src/.internal/baseInRange.js","statementMap":{"0":{"start":{"line":11,"column":2},"end":{"line":11,"column":72}}},"fnMap":{"0":{"name":"baseInRange","decl":{"start":{"line":10,"column":9},"end":{"line":10,"column":20}},"loc":{"start":{"line":10,"column":41},"end":{"line":12,"column":1}},"line":10}},"branchMap":{"0":{"loc":{"start":{"line":11,"column":9},"end":{"line":11,"column":72}},"type":"binary-expr","locations":[{"start":{"line":11,"column":9},"end":{"line":11,"column":39}},{"start":{"line":11,"column":43},"end":{"line":11,"column":72}}],"line":11}},"s":{"0":0},"f":{"0":0},"b":{"0":[0,0]},"all":true},"/Users/zhiqing.feng/Desktop/Personal/TUN/software_testing_final/software_testing/src/.internal/baseIntersection.js":{"path":"/Users/zhiqing.feng/Desktop/Personal/TUN/software_testing_final/software_testing/src/.internal/baseIntersection.js","statementMap":{"0":{"start":{"line":18,"column":19},"end":{"line":18,"column":65}},"1":{"start":{"line":19,"column":17},"end":{"line":19,"column":33}},"2":{"start":{"line":20,"column":20},"end":{"line":20,"column":33}},"3":{"start":{"line":21,"column":17},"end":{"line":21,"column":37}},"4":{"start":{"line":22,"column":17},"end":{"line":22,"column":19}},"5":{"start":{"line":25,"column":18},"end":{"line":25,"column":26}},"6":{"start":{"line":26,"column":17},"end":{"line":26,"column":26}},"7":{"start":{"line":28,"column":2},"end":{"line":37,"column":3}},"8":{"start":{"line":29,"column":4},"end":{"line":29,"column":28}},"9":{"start":{"line":30,"column":4},"end":{"line":32,"column":5}},"10":{"start":{"line":31,"column":6},"end":{"line":31,"column":52}},"11":{"start":{"line":31,"column":36},"end":{"line":31,"column":51}},"12":{"start":{"line":33,"column":4},"end":{"line":33,"column":49}},"13":{"start":{"line":34,"column":4},"end":{"line":36,"column":17}},"14":{"start":{"line":38,"column":2},"end":{"line":38,"column":19}},"15":{"start":{"line":40,"column":14},"end":{"line":40,"column":16}},"16":{"start":{"line":41,"column":15},"end":{"line":41,"column":24}},"17":{"start":{"line":43,"column":2},"end":{"line":68,"column":3}},"18":{"start":{"line":44,"column":2},"end":{"line":68,"column":3}},"19":{"start":{"line":45,"column":16},"end":{"line":45,"column":28}},"20":{"start":{"line":46,"column":21},"end":{"line":46,"column":55}},"21":{"start":{"line":48,"column":4},"end":{"line":48,"column":51}},"22":{"start":{"line":49,"column":4},"end":{"line":67,"column":5}},"23":{"start":{"line":53,"column":6},"end":{"line":53,"column":26}},"24":{"start":{"line":54,"column":6},"end":{"line":62,"column":7}},"25":{"start":{"line":55,"column":22},"end":{"line":55,"column":38}},"26":{"start":{"line":56,"column":8},"end":{"line":61,"column":9}},"27":{"start":{"line":60,"column":10},"end":{"line":60,"column":24}},"28":{"start":{"line":63,"column":6},"end":{"line":65,"column":7}},"29":{"start":{"line":64,"column":8},"end":{"line":64,"column":27}},"30":{"start":{"line":66,"column":6},"end":{"line":66,"column":24}},"31":{"start":{"line":69,"column":2},"end":{"line":69,"column":15}}},"fnMap":{"0":{"name":"baseIntersection","decl":{"start":{"line":17,"column":9},"end":{"line":17,"column":25}},"loc":{"start":{"line":17,"column":56},"end":{"line":70,"column":1}},"line":17},"1":{"name":"(anonymous_1)","decl":{"start":{"line":31,"column":25},"end":{"line":31,"column":26}},"loc":{"start":{"line":31,"column":36},"end":{"line":31,"column":51}},"line":31}},"branchMap":{"0":{"loc":{"start":{"line":18,"column":19},"end":{"line":18,"column":65}},"type":"cond-expr","locations":[{"start":{"line":18,"column":32},"end":{"line":18,"column":49}},{"start":{"line":18,"column":52},"end":{"line":18,"column":65}}],"line":18},"1":{"loc":{"start":{"line":30,"column":4},"end":{"line":32,"column":5}},"type":"if","locations":[{"start":{"line":30,"column":4},"end":{"line":32,"column":5}},{"start":{},"end":{}}],"line":30},"2":{"loc":{"start":{"line":30,"column":8},"end":{"line":30,"column":28}},"type":"binary-expr","locations":[{"start":{"line":30,"column":8},"end":{"line":30,"column":16}},{"start":{"line":30,"column":20},"end":{"line":30,"column":28}}],"line":30},"3":{"loc":{"start":{"line":34,"column":23},"end":{"line":36,"column":17}},"type":"cond-expr","locations":[{"start":{"line":35,"column":8},"end":{"line":35,"column":39}},{"start":{"line":36,"column":8},"end":{"line":36,"column":17}}],"line":34},"4":{"loc":{"start":{"line":34,"column":23},"end":{"line":34,"column":90}},"type":"binary-expr","locations":[{"start":{"line":34,"column":23},"end":{"line":34,"column":34}},{"start":{"line":34,"column":39},"end":{"line":34,"column":47}},{"start":{"line":34,"column":52},"end":{"line":34,"column":65}},{"start":{"line":34,"column":69},"end":{"line":34,"column":88}}],"line":34},"5":{"loc":{"start":{"line":35,"column":21},"end":{"line":35,"column":38}},"type":"binary-expr","locations":[{"start":{"line":35,"column":21},"end":{"line":35,"column":29}},{"start":{"line":35,"column":33},"end":{"line":35,"column":38}}],"line":35},"6":{"loc":{"start":{"line":44,"column":9},"end":{"line":44,"column":54}},"type":"binary-expr","locations":[{"start":{"line":44,"column":9},"end":{"line":44,"column":25}},{"start":{"line":44,"column":29},"end":{"line":44,"column":54}}],"line":44},"7":{"loc":{"start":{"line":46,"column":21},"end":{"line":46,"column":55}},"type":"cond-expr","locations":[{"start":{"line":46,"column":32},"end":{"line":46,"column":47}},{"start":{"line":46,"column":50},"end":{"line":46,"column":55}}],"line":46},"8":{"loc":{"start":{"line":48,"column":12},"end":{"line":48,"column":51}},"type":"cond-expr","locations":[{"start":{"line":48,"column":42},"end":{"line":48,"column":47}},{"start":{"line":48,"column":50},"end":{"line":48,"column":51}}],"line":48},"9":{"loc":{"start":{"line":48,"column":13},"end":{"line":48,"column":38}},"type":"binary-expr","locations":[{"start":{"line":48,"column":13},"end":{"line":48,"column":23}},{"start":{"line":48,"column":27},"end":{"line":48,"column":38}}],"line":48},"10":{"loc":{"start":{"line":49,"column":4},"end":{"line":67,"column":5}},"type":"if","locations":[{"start":{"line":49,"column":4},"end":{"line":67,"column":5}},{"start":{},"end":{}}],"line":49},"11":{"loc":{"start":{"line":49,"column":10},"end":{"line":51,"column":46}},"type":"cond-expr","locations":[{"start":{"line":50,"column":8},"end":{"line":50,"column":32}},{"start":{"line":51,"column":8},"end":{"line":51,"column":46}}],"line":49},"12":{"loc":{"start":{"line":56,"column":8},"end":{"line":61,"column":9}},"type":"if","locations":[{"start":{"line":56,"column":8},"end":{"line":61,"column":9}},{"start":{},"end":{}}],"line":56},"13":{"loc":{"start":{"line":56,"column":14},"end":{"line":58,"column":60}},"type":"cond-expr","locations":[{"start":{"line":57,"column":12},"end":{"line":57,"column":37}},{"start":{"line":58,"column":12},"end":{"line":58,"column":60}}],"line":56},"14":{"loc":{"start":{"line":63,"column":6},"end":{"line":65,"column":7}},"type":"if","locations":[{"start":{"line":63,"column":6},"end":{"line":65,"column":7}},{"start":{},"end":{}}],"line":63}},"s":{"0":0,"1":0,"2":0,"3":0,"4":0,"5":0,"6":0,"7":0,"8":0,"9":0,"10":0,"11":0,"12":0,"13":0,"14":0,"15":0,"16":0,"17":0,"18":0,"19":0,"20":0,"21":0,"22":0,"23":0,"24":0,"25":0,"26":0,"27":0,"28":0,"29":0,"30":0,"31":0},"f":{"0":0,"1":0},"b":{"0":[0,0],"1":[0,0],"2":[0,0],"3":[0,0],"4":[0,0,0,0],"5":[0,0],"6":[0,0],"7":[0,0],"8":[0,0],"9":[0,0],"10":[0,0],"11":[0,0],"12":[0,0],"13":[0,0],"14":[0,0]},"all":true},"/Users/zhiqing.feng/Desktop/Personal/TUN/software_testing_final/software_testing/src/.internal/baseIsEqual.js":{"path":"/Users/zhiqing.feng/Desktop/Personal/TUN/software_testing_final/software_testing/src/.internal/baseIsEqual.js","statementMap":{"0":{"start":{"line":19,"column":2},"end":{"line":21,"column":3}},"1":{"start":{"line":20,"column":4},"end":{"line":20,"column":15}},"2":{"start":{"line":22,"column":2},"end":{"line":24,"column":3}},"3":{"start":{"line":23,"column":4},"end":{"line":23,"column":45}},"4":{"start":{"line":25,"column":2},"end":{"line":25,"column":79}}},"fnMap":{"0":{"name":"baseIsEqual","decl":{"start":{"line":18,"column":9},"end":{"line":18,"column":20}},"loc":{"start":{"line":18,"column":63},"end":{"line":26,"column":1}},"line":18}},"branchMap":{"0":{"loc":{"start":{"line":19,"column":2},"end":{"line":21,"column":3}},"type":"if","locations":[{"start":{"line":19,"column":2},"end":{"line":21,"column":3}},{"start":{},"end":{}}],"line":19},"1":{"loc":{"start":{"line":22,"column":2},"end":{"line":24,"column":3}},"type":"if","locations":[{"start":{"line":22,"column":2},"end":{"line":24,"column":3}},{"start":{},"end":{}}],"line":22},"2":{"loc":{"start":{"line":22,"column":6},"end":{"line":22,"column":86}},"type":"binary-expr","locations":[{"start":{"line":22,"column":6},"end":{"line":22,"column":19}},{"start":{"line":22,"column":23},"end":{"line":22,"column":36}},{"start":{"line":22,"column":41},"end":{"line":22,"column":61}},{"start":{"line":22,"column":65},"end":{"line":22,"column":85}}],"line":22},"3":{"loc":{"start":{"line":23,"column":11},"end":{"line":23,"column":45}},"type":"binary-expr","locations":[{"start":{"line":23,"column":11},"end":{"line":23,"column":26}},{"start":{"line":23,"column":30},"end":{"line":23,"column":45}}],"line":23}},"s":{"0":0,"1":0,"2":0,"3":0,"4":0},"f":{"0":0},"b":{"0":[0,0],"1":[0,0],"2":[0,0,0,0],"3":[0,0]},"all":true},"/Users/zhiqing.feng/Desktop/Personal/TUN/software_testing_final/software_testing/src/.internal/baseIsEqualDeep.js":{"path":"/Users/zhiqing.feng/Desktop/Personal/TUN/software_testing_final/software_testing/src/.internal/baseIsEqualDeep.js","statementMap":{"0":{"start":{"line":10,"column":29},"end":{"line":10,"column":30}},"1":{"start":{"line":13,"column":16},"end":{"line":13,"column":36}},"2":{"start":{"line":14,"column":17},"end":{"line":14,"column":33}},"3":{"start":{"line":15,"column":18},"end":{"line":15,"column":35}},"4":{"start":{"line":18,"column":23},"end":{"line":18,"column":54}},"5":{"start":{"line":35,"column":17},"end":{"line":35,"column":38}},"6":{"start":{"line":36,"column":19},"end":{"line":36,"column":39}},"7":{"start":{"line":37,"column":15},"end":{"line":37,"column":51}},"8":{"start":{"line":38,"column":15},"end":{"line":38,"column":50}},"9":{"start":{"line":40,"column":2},"end":{"line":40,"column":49}},"10":{"start":{"line":41,"column":2},"end":{"line":41,"column":49}},"11":{"start":{"line":43,"column":17},"end":{"line":43,"column":36}},"12":{"start":{"line":44,"column":19},"end":{"line":44,"column":38}},"13":{"start":{"line":45,"column":20},"end":{"line":45,"column":36}},"14":{"start":{"line":47,"column":2},"end":{"line":53,"column":3}},"15":{"start":{"line":48,"column":4},"end":{"line":50,"column":5}},"16":{"start":{"line":49,"column":6},"end":{"line":49,"column":18}},"17":{"start":{"line":51,"column":4},"end":{"line":51,"column":19}},"18":{"start":{"line":52,"column":4},"end":{"line":52,"column":20}},"19":{"start":{"line":54,"column":2},"end":{"line":59,"column":3}},"20":{"start":{"line":55,"column":4},"end":{"line":55,"column":32}},"21":{"start":{"line":56,"column":4},"end":{"line":58,"column":80}},"22":{"start":{"line":60,"column":2},"end":{"line":71,"column":3}},"23":{"start":{"line":61,"column":25},"end":{"line":61,"column":79}},"24":{"start":{"line":62,"column":25},"end":{"line":62,"column":78}},"25":{"start":{"line":64,"column":4},"end":{"line":70,"column":5}},"26":{"start":{"line":65,"column":27},"end":{"line":65,"column":65}},"27":{"start":{"line":66,"column":27},"end":{"line":66,"column":63}},"28":{"start":{"line":68,"column":6},"end":{"line":68,"column":34}},"29":{"start":{"line":69,"column":6},"end":{"line":69,"column":78}},"30":{"start":{"line":72,"column":2},"end":{"line":74,"column":3}},"31":{"start":{"line":73,"column":4},"end":{"line":73,"column":16}},"32":{"start":{"line":75,"column":2},"end":{"line":75,"column":30}},"33":{"start":{"line":76,"column":2},"end":{"line":76,"column":75}}},"fnMap":{"0":{"name":"baseIsEqualDeep","decl":{"start":{"line":34,"column":9},"end":{"line":34,"column":24}},"loc":{"start":{"line":34,"column":79},"end":{"line":77,"column":1}},"line":34}},"branchMap":{"0":{"loc":{"start":{"line":37,"column":15},"end":{"line":37,"column":51}},"type":"cond-expr","locations":[{"start":{"line":37,"column":26},"end":{"line":37,"column":34}},{"start":{"line":37,"column":37},"end":{"line":37,"column":51}}],"line":37},"1":{"loc":{"start":{"line":38,"column":15},"end":{"line":38,"column":50}},"type":"cond-expr","locations":[{"start":{"line":38,"column":26},"end":{"line":38,"column":34}},{"start":{"line":38,"column":37},"end":{"line":38,"column":50}}],"line":38},"2":{"loc":{"start":{"line":40,"column":11},"end":{"line":40,"column":49}},"type":"cond-expr","locations":[{"start":{"line":40,"column":31},"end":{"line":40,"column":40}},{"start":{"line":40,"column":43},"end":{"line":40,"column":49}}],"line":40},"3":{"loc":{"start":{"line":41,"column":11},"end":{"line":41,"column":49}},"type":"cond-expr","locations":[{"start":{"line":41,"column":31},"end":{"line":41,"column":40}},{"start":{"line":41,"column":43},"end":{"line":41,"column":49}}],"line":41},"4":{"loc":{"start":{"line":47,"column":2},"end":{"line":53,"column":3}},"type":"if","locations":[{"start":{"line":47,"column":2},"end":{"line":53,"column":3}},{"start":{},"end":{}}],"line":47},"5":{"loc":{"start":{"line":47,"column":6},"end":{"line":47,"column":35}},"type":"binary-expr","locations":[{"start":{"line":47,"column":6},"end":{"line":47,"column":15}},{"start":{"line":47,"column":19},"end":{"line":47,"column":35}}],"line":47},"6":{"loc":{"start":{"line":48,"column":4},"end":{"line":50,"column":5}},"type":"if","locations":[{"start":{"line":48,"column":4},"end":{"line":50,"column":5}},{"start":{},"end":{}}],"line":48},"7":{"loc":{"start":{"line":54,"column":2},"end":{"line":59,"column":3}},"type":"if","locations":[{"start":{"line":54,"column":2},"end":{"line":59,"column":3}},{"start":{},"end":{}}],"line":54},"8":{"loc":{"start":{"line":54,"column":6},"end":{"line":54,"column":28}},"type":"binary-expr","locations":[{"start":{"line":54,"column":6},"end":{"line":54,"column":15}},{"start":{"line":54,"column":19},"end":{"line":54,"column":28}}],"line":54},"9":{"loc":{"start":{"line":55,"column":4},"end":{"line":55,"column":32}},"type":"binary-expr","locations":[{"start":{"line":55,"column":4},"end":{"line":55,"column":9}},{"start":{"line":55,"column":14},"end":{"line":55,"column":31}}],"line":55},"10":{"loc":{"start":{"line":56,"column":11},"end":{"line":58,"column":80}},"type":"cond-expr","locations":[{"start":{"line":57,"column":8},"end":{"line":57,"column":73}},{"start":{"line":58,"column":8},"end":{"line":58,"column":80}}],"li
[...]
"end":{"line":52,"column":27}},"7":{"start":{"line":54,"column":19},"end":{"line":54,"column":41}},"8":{"start":{"line":55,"column":4},"end":{"line":55,"column":52}},"9":{"start":{"line":56,"column":4},"end":{"line":56,"column":17}},"10":{"start":{"line":58,"column":2},"end":{"line":58,"column":45}},"11":{"start":{"line":59,"column":2},"end":{"line":59,"column":17}},"12":{"start":{"line":62,"column":0},"end":{"line":62,"column":19}}},"fnMap":{"0":{"name":"memoize","decl":{"start":{"line":43,"column":9},"end":{"line":43,"column":16}},"loc":{"start":{"line":43,"column":33},"end":{"line":60,"column":1}},"line":43},"1":{"name":"(anonymous_1)","decl":{"start":{"line":47,"column":19},"end":{"line":47,"column":20}},"loc":{"start":{"line":47,"column":37},"end":{"line":57,"column":3}},"line":47}},"branchMap":{"0":{"loc":{"start":{"line":44,"column":2},"end":{"line":46,"column":3}},"type":"if","locations":[{"start":{"line":44,"column":2},"end":{"line":46,"column":3}},{"start":{},"end":{}}],"line":44},"1":{"loc":{"start":{"line":44,"column":6},"end":{"line":44,"column":88}},"type":"binary-expr","locations":[{"start":{"line":44,"column":6},"end":{"line":44,"column":32}},{"start":{"line":44,"column":37},"end":{"line":44,"column":53}},{"start":{"line":44,"column":57},"end":{"line":44,"column":87}}],"line":44},"2":{"loc":{"start":{"line":48,"column":16},"end":{"line":48,"column":63}},"type":"cond-expr","locations":[{"start":{"line":48,"column":27},"end":{"line":48,"column":53}},{"start":{"line":48,"column":56},"end":{"line":48,"column":63}}],"line":48},"3":{"loc":{"start":{"line":51,"column":4},"end":{"line":53,"column":5}},"type":"if","locations":[{"start":{"line":51,"column":4},"end":{"line":53,"column":5}},{"start":{},"end":{}}],"line":51},"4":{"loc":{"start":{"line":55,"column":21},"end":{"line":55,"column":52}},"type":"binary-expr","locations":[{"start":{"line":55,"column":21},"end":{"line":55,"column":43}},{"start":{"line":55,"column":47},"end":{"line":55,"column":52}}],"line":55},"5":{"loc":{"start":{"line":58,"column":24},"end":{"line":58,"column":44}},"type":"binary-expr","locations":[{"start":{"line":58,"column":24},"end":{"line":58,"column":37}},{"start":{"line":58,"column":41},"end":{"line":58,"column":44}}],"line":58}},"s":{"0":0,"1":0,"2":0,"3":0,"4":0,"5":0,"6":0,"7":0,"8":0,"9":0,"10":0,"11":0,"12":0},"f":{"0":0,"1":0},"b":{"0":[0,0],"1":[0,0,0],"2":[0,0],"3":[0,0],"4":[0,0],"5":[0,0]},"all":true},"/Users/zhiqing.feng/Desktop/Personal/TUN/software_testing_final/software_testing/src/reduce.js":{"path":"/Users/zhiqing.feng/Desktop/Personal/TUN/software_testing_final/software_testing/src/reduce.js","statementMap":{"0":{"start":{"line":39,"column":15},"end":{"line":39,"column":67}},"1":{"start":{"line":40,"column":20},"end":{"line":40,"column":40}},"2":{"start":{"line":41,"column":2},"end":{"line":41,"column":69}}},"fnMap":{"0":{"name":"reduce","decl":{"start":{"line":38,"column":9},"end":{"line":38,"column":15}},"loc":{"start":{"line":38,"column":51},"end":{"line":42,"column":1}},"line":38}},"branchMap":{"0":{"loc":{"start":{"line":39,"column":15},"end":{"line":39,"column":67}},"type":"cond-expr","locations":[{"start":{"line":39,"column":43},"end":{"line":39,"column":54}},{"start":{"line":39,"column":57},"end":{"line":39,"column":67}}],"line":39}},"s":{"0":0,"1":0,"2":0},"f":{"0":0},"b":{"0":[0,0]},"all":true},"/Users/zhiqing.feng/Desktop/Personal/TUN/software_testing_final/software_testing/src/slice.js":{"path":"/Users/zhiqing.feng/Desktop/Personal/TUN/software_testing_final/software_testing/src/slice.js","statementMap":{"0":{"start":{"line":22,"column":15},"end":{"line":22,"column":47}},"1":{"start":{"line":23,"column":2},"end":{"line":25,"column":3}},"2":{"start":{"line":24,"column":4},"end":{"line":24,"column":13}},"3":{"start":{"line":26,"column":2},"end":{"line":26,"column":35}},"4":{"start":{"line":27,"column":2},"end":{"line":27,"column":40}},"5":{"start":{"line":29,"column":2},"end":{"line":31,"column":3}},"6":{"start":{"line":30,"column":4},"end":{"line":30,"column":50}},"7":{"start":{"line":32,"column":2},"end":{"line":34,"column":3}},"8":{"start":{"line":33,"column":4},"end":{"line":33,"column":17}},"9":{"start":{"line":35,"column":2},"end":{"line":35,"column":50}},"10":{"start":{"line":36,"column":2},"end":{"line":36,"column":14}},"11":{"start":{"line":38,"column":14},"end":{"line":38,"column":16}},"12":{"start":{"line":39,"column":17},"end":{"line":39,"column":34}},"13":{"start":{"line":40,"column":2},"end":{"line":42,"column":3}},"14":{"start":{"line":41,"column":4},"end":{"line":41,"column":40}},"15":{"start":{"line":43,"column":2},"end":{"line":43,"column":15}}},"fnMap":{"0":{"name":"slice","decl":{"start":{"line":21,"column":9},"end":{"line":21,"column":14}},"loc":{"start":{"line":21,"column":34},"end":{"line":44,"column":1}},"line":21}},"branchMap":{"0":{"loc":{"start":{"line":22,"column":15},"end":{"line":22,"column":47}},"type":"cond-expr","locations":[{"start":{"line":22,"column":31},"end":{"line":22,"column":32}},{"start":{"line":22,"column":35},"end":{"line":22,"column":47}}],"line":22},"1":{"loc":{"start":{"line":23,"column":2},"end":{"line":25,"column":3}},"type":"if","locations":[{"start":{"line":23,"column":2},"end":{"line":25,"column":3}},{"start":{},"end":{}}],"line":23},"2":{"loc":{"start":{"line":26,"column":10},"end":{"line":26,"column":35}},"type":"cond-expr","locations":[{"start":{"line":26,"column":26},"end":{"line":26,"column":27}},{"start":{"line":26,"column":30},"end":{"line":26,"column":35}}],"line":26},"3":{"loc":{"start":{"line":27,"column":8},"end":{"line":27,"column":40}},"type":"cond-expr","locations":[{"start":{"line":27,"column":28},"end":{"line":27,"column":34}},{"start":{"line":27,"column":37},"end":{"line":27,"column":40}}],"line":27},"4":{"loc":{"start":{"line":29,"column":2},"end":{"line":31,"column":3}},"type":"if","locations":[{"start":{"line":29,"column":2},"end":{"line":31,"column":3}},{"start":{},"end":{}}],"line":29},"5":{"loc":{"start":{"line":30,"column":12},"end":{"line":30,"column":50}},"type":"cond-expr","locations":[{"start":{"line":30,"column":30},"end":{"line":30,"column":31}},{"start":{"line":30,"column":35},"end":{"line":30,"column":49}}],"line":30},"6":{"loc":{"start":{"line":32,"column":2},"end":{"line":34,"column":3}},"type":"if","locations":[{"start":{"line":32,"column":2},"end":{"line":34,"column":3}},{"start":{},"end":{}}],"line":32},"7":{"loc":{"start":{"line":35,"column":11},"end":{"line":35,"column":50}},"type":"cond-expr","locations":[{"start":{"line":35,"column":25},"end":{"line":35,"column":26}},{"start":{"line":35,"column":30},"end":{"line":35,"column":49}}],"line":35}},"s":{"0":0,"1":0,"2":0,"3":0,"4":0,"5":0,"6":0,"7":0,"8":0,"9":0,"10":0,"11":0,"12":0,"13":0,"14":0,"15":0},"f":{"0":0},"b":{"0":[0,0],"1":[0,0],"2":[0,0],"3":[0,0],"4":[0,0],"5":[0,0],"6":[0,0],"7":[0,0]},"all":true},"/Users/zhiqing.feng/Desktop/Personal/TUN/software_testing_final/software_testing/src/toFinite.js":{"path":"/Users/zhiqing.feng/Desktop/Personal/TUN/software_testing_final/software_testing/src/toFinite.js","statementMap":{"0":{"start":{"line":4,"column":17},"end":{"line":4,"column":22}},"1":{"start":{"line":5,"column":20},"end":{"line":5,"column":43}},"2":{"start":{"line":29,"column":2},"end":{"line":31,"column":3}},"3":{"start":{"line":30,"column":4},"end":{"line":30,"column":34}},"4":{"start":{"line":32,"column":2},"end":{"line":32,"column":25}},"5":{"start":{"line":33,"column":2},"end":{"line":36,"column":3}},"6":{"start":{"line":34,"column":18},"end":{"line":34,"column":36}},"7":{"start":{"line":35,"column":4},"end":{"line":35,"column":29}},"8":{"start":{"line":37,"column":2},"end":{"line":37,"column":36}}},"fnMap":{"0":{"name":"toFinite","decl":{"start":{"line":28,"column":9},"end":{"line":28,"column":17}},"loc":{"start":{"line":28,"column":25},"end":{"line":38,"column":1}},"line":28}},"branchMap":{"0":{"loc":{"start":{"line":29,"column":2},"end":{"line":31,"column":3}},"type":"if","locations":[{"start":{"line":29,"column":2},"end":{"line":31,"column":3}},{"start":{},"end":{}}],"line":29},"1":{"loc":{"start":{"line":30,"column":11},"end":{"line":30,"column":34}},"type":"cond-expr","locations":[{"start":{"line":30,"column":25},"end":{"line":30,"column":30}},{"start":{"line":30,"column":33},"end":{"line":30,"column":34}}],"line":30},"2":{"loc":{"start":{"line":33,"column":2},"end":{"line":36,"column":3}},"type":"if","locations":[{"start":{"line":33,"column":2},"end":{"line":36,"column":3}},{"start":{},"end":{}}],"line":33},"3":{"loc":{"start":{"line":33,"column":6},"end":{"line":33,"column":47}},"type":"binary-expr","locations":[{"start":{"line":33,"column":6},"end":{"line":33,"column":24}},{"start":{"line":33,"column":28},"end":{"line":33,"column":47}}],"line":33},"4":{"loc":{"start":{"line":34,"column":18},"end":{"line":34,"column":36}},"type":"cond-expr","locations":[{"start":{"line":34,"column":30},"end":{"line":34,"column":32}},{"start":{"line":34,"column":35},"end":{"line":34,"column":36}}],"line":34},"5":{"loc":{"start":{"line":37,"column":9},"end":{"line":37,"column":36}},"type":"cond-expr","locations":[{"start":{"line":37,"column":27},"end":{"line":37,"column":32}},{"start":{"line":37,"column":35},"end":{"line":37,"column":36}}],"line":37}},"s":{"0":0,"1":0,"2":0,"3":0,"4":0,"5":0,"6":0,"7":0,"8":0},"f":{"0":0},"b":{"0":[0,0],"1":[0,0],"2":[0,0],"3":[0,0],"4":[0,0],"5":[0,0]},"all":true},"/Users/zhiqing.feng/Desktop/Personal/TUN/software_testing_final/software_testing/src/toInteger.js":{"path":"/Users/zhiqing.feng/Desktop/Personal/TUN/software_testing_final/software_testing/src/toInteger.js","statementMap":{"0":{"start":{"line":29,"column":17},"end":{"line":29,"column":32}},"1":{"start":{"line":30,"column":20},"end":{"line":30,"column":30}},"2":{"start":{"line":32,"column":2},"end":{"line":32,"column":48}}},"fnMap":{"0":{"name":"toInteger","decl":{"start":{"line":28,"column":9},"end":{"line":28,"column":18}},"loc":{"start":{"line":28,"column":26},"end":{"line":33,"column":1}},"line":28}},"branchMap":{"0":{"loc":{"start":{"line":32,"column":9},"end":{"line":32,"column":48}},"type":"cond-expr","locations":[{"start":{"line":32,"column":21},"end":{"line":32,"column":39}},{"start":{"line":32,"column":42},"end":{"line":32,"column":48}}],"line":32}},"s":{"0":0,"1":0,"2":0},"f":{"0":0},"b":{"0":[0,0]},"all":true},"/Users/zhiqing.feng/Desktop/Personal/TUN/software_testing_final/software_testing/src/toNumber.js":{"path":"/Users/zhiqing.feng/Desktop/Personal/TUN/software_testing_final/software_testing/src/toNumber.js","statementMap":{"0":{"start":{"line":5,"column":12},"end":{"line":5,"column":17}},"1":{"start":{"line":8,"column":15},"end":{"line":8,"column":27}},"2":{"start":{"line":11,"column":19},"end":{"line":11,"column":39}},"3":{"start":{"line":14,"column":19},"end":{"line":14,"column":31}},"4":{"start":{"line":17,"column":18},"end":{"line":17,"column":31}},"5":{"start":{"line":20,"column":21},"end":{"line":20,"column":29}},"6":{"start":{"line":45,"column":2},"end":{"line":47,"column":3}},"7":{"start":{"line":46,"column":4},"end":{"line":46,"column":16}},"8":{"start":{"line":48,"column":2},"end":{"line":50,"column":3}},"9":{"start":{"line":49,"column":4},"end":{"line":49,"column":14}},"10":{"start":{"line":51,"column":2},"end":{"line":54,"column":3}},"11":{"start":{"line":52,"column":18},"end":{"line":52,"column":79}},"12":{"start":{"line":53,"column":4},"end":{"line":53,"column":48}},"13":{"start":{"line":55,"column":2},"end":{"line":57,"column":3}},"14":{"start":{"line":56,"column":4},"end":{"line":56,"column":39}},"15":{"start":{"line":58,"column":2},"end":{"line":58,"column":35}},"16":{"start":{"line":59,"column":19},"end":{"line":59,"column":41}},"17":{"start":{"line":60,"column":2},"end":{"line":62,"column":45}}},"fnMap":{"0":{"name":"toNumber","decl":{"start":{"line":44,"column":9},"end":{"line":44,"column":17}},"loc":{"start":{"line":44,"column":25},"end":{"line":63,"column":1}},"line":44}},"branchMap":{"0":{"loc":{"start":{"line":45,"column":2},"end":{"line":47,"column":3}},"type":"if","locations":[{"start":{"line":45,"column":2},"end":{"line":47,"column":3}},{"start":{},"end":{}}],"line":45},"1":{"loc":{"start":{"line":48,"column":2},"end":{"line":50,"column":3}},"type":"if","locations":[{"start":{"line":48,"column":2},"end":{"line":50,"column":3}},{"start":{},"end":{}}],"line":48},"2":{"loc":{"start":{"line":51,"column":2},"end":{"line":54,"column":3}},"type":"if","locations":[{"start":{"line":51,"column":2},"end":{"line":54,"column":3}},{"start":{},"end":{}}],"line":51},"3":{"loc":{"start":{"line":52,"column":18},"end":{"line":52,"column":79}},"type":"cond-expr","locations":[{"start":{"line":52,"column":56},"end":{"line":52,"column":71}},{"start":{"line":52,"column":74},"end":{"line":52,"column":79}}],"line":52},"4":{"loc":{"start":{"line":53,"column":12},"end":{"line":53,"column":48}},"type":"cond-expr","locations":[{"start":{"line":53,"column":30},"end":{"line":53,"column":40}},{"start":{"line":53,"column":43},"end":{"line":53,"column":48}}],"line":53},"5":{"loc":{"start":{"line":55,"column":2},"end":{"line":57,"column":3}},"type":"if","locations":[{"start":{"line":55,"column":2},"end":{"line":57,"column":3}},{"start":{},"end":{}}],"line":55},"6":{"loc":{"start":{"line":56,"column":11},"end":{"line":56,"column":39}},"type":"cond-expr","locations":[{"start":{"line":56,"column":25},"end":{"line":56,"column":30}},{"start":{"line":56,"column":33},"end":{"line":56,"column":39}}],"line":56},"7":{"loc":{"start":{"line":60,"column":9},"end":{"line":62,"column":45}},"type":"cond-expr","locations":[{"start":{"line":61,"column":6},"end":{"line":61,"column":52}},{"start":{"line":62,"column":7},"end":{"line":62,"column":44}}],"line":60},"8":{"loc":{"start":{"line":60,"column":10},"end":{"line":60,"column":43}},"type":"binary-expr","locations":[{"start":{"line":60,"column":10},"end":{"line":60,"column":18}},{"start":{"line":60,"column":22},"end":{"line":60,"column":43}}],"line":60},"9":{"loc":{"start":{"line":61,"column":35},"end":{"line":61,"column":51}},"type":"cond-expr","locations":[{"start":{"line":61,"column":46},"end":{"line":61,"column":47}},{"start":{"line":61,"column":50},"end":{"line":61,"column":51}}],"line":61},"10":{"loc":{"start":{"line":62,"column":7},"end":{"line":62,"column":44}},"type":"cond-expr","locations":[{"start":{"line":62,"column":32},"end":{"line":62,"column":35}},{"start":{"line":62,"column":38},"end":{"line":62,"column":44}}],"line":62}},"s":{"0":0,"1":0,"2":0,"3":0,"4":0,"5":0,"6":0,"7":0,"8":0,"9":0,"10":0,"11":0,"12":0,"13":0,"14":0,"15":0,"16":0,"17":0},"f":{"0":0},"b":{"0":[0,0],"1":[0,0],"2":[0,0],"3":[0,0],"4":[0,0],"5":[0,0],"6":[0,0],"7":[0,0],"8":[0,0],"9":[0,0],"10":[0,0]},"all":true},"/Users/zhiqing.feng/Desktop/Personal/TUN/software_testing_final/software_testing/src/toString.js":{"path":"/Users/zhiqing.feng/Desktop/Personal/TUN/software_testing_final/software_testing/src/toString.js","statementMap":{"0":{"start":{"line":4,"column":17},"end":{"line":4,"column":22}},"1":{"start":{"line":28,"column":2},"end":{"line":30,"column":3}},"2":{"start":{"line":29,"column":4},"end":{"line":29,"column":16}},"3":{"start":{"line":31,"column":2},"end":{"line":34,"column":3}},"4":{"start":{"line":33,"column":4},"end":{"line":33,"column":77}},"5":{"start":{"line":33,"column":35},"end":{"line":33,"column":74}},"6":{"start":{"line":35,"column":2},"end":{"line":37,"column":3}},"7":{"start":{"line":36,"column":4},"end":{"line":36,"column":27}},"8":{"start":{"line":38,"column":17},"end":{"line":38,"column":27}},"9":{"start":{"line":39,"column":2},"end":{"line":39,"column":68}}},"fnMap":{"0":{"name":"toString","decl":{"start":{"line":25,"column":9},"end":{"line":25,"column":17}},"loc":{"start":{"line":25,"column":25},"end":{"line":40,"column":1}},"line":25},"1":{"name":"(anonymous_1)","decl":{"start":{"line":33,"column":24},"end":{"line":33,"column":25}},"loc":{"start":{"line":33,"column":35},"end":{"line":33,"column":74}},"line":33}},"branchMap":{"0":{"loc":{"start":{"line":28,"column":2},"end":{"line":30,"column":3}},"type":"if","locations":[{"start":{"line":28,"column":2},"end":{"line":30,"column":3}},{"start":{},"end":{}}],"line":28},"1":{"loc":{"start":{"line":31,"column":2},"end":{"line":34,"column":3}},"type":"if","locations":[{"start":{"line":31,"column":2},"end":{"line":34,"column":3}},{"start":{},"end":{}}],"line":31},"2":{"loc":{"start":{"line":33,"column":35},"end":{"line":33,"column":74}},"type":"cond-expr","locations":[{"start":{"line":33,"column":51},"end":{"line":33,"column":56}},{"start":{"line":33,"column":59},"end":{"line":33,"column":74}}],"line":33},"3":{"loc":{"start":{"line":35,"column":2},"end":{"line":37,"column":3}},"type":"if","locations":[{"start":{"line":35,"column":2},"end":{"line":37,"column":3}},{"start":{},"end":{}}],"line":35},"4":{"loc":{"start":{"line":39,"column":9},"end":{"line":39,"column":68}},"type":"cond-expr","locations":[{"start":{"line":39,"column":55},"end":{"line":39,"column":59}},{"start":{"line":39,"column":62},"end":{"line":39,"column":68}}],"line":39},"5":{"loc":{"start":{"line":39,"column":10},"end":{"line":39,"column":51}},"type":"binary-expr","locations":[{"start":{"line":39,"column":10},"end":{"line":39,"column":23}},{"start":{"line":39,"column":27},"end":{"line":39,"column":51}}],"line":39}},"s":{"0":0,"1":0,"2":0,"3":0,"4":0,"5":0,"6":0,"7":0,"8":0,"9":0},"f":{"0":0,"1":0},"b":{"0":[0,0],"1":[0,0],"2":[0,0],"3":[0,0],"4":[0,0],"5":[0,0]},"all":true},"/Users/zhiqing.feng/Desktop/Personal/TUN/software_testing_final/software_testing/src/upperFirst.js":{"path":"/Users/zhiqing.feng/Desktop/Personal/TUN/software_testing_final/software_testing/src/upperFirst.js","statementMap":{"0":{"start":{"line":19,"column":19},"end":{"line":19,"column":49}}},"fnMap":{},"branchMap":{},"s":{"0":0},"f":{},"b":{},"all":true},"/Users/zhiqing.feng/Desktop/Personal/TUN/software_testing_final/software_testing/src/words.js":{"path":"/Users/zhiqing.feng/Desktop/Personal/TUN/software_testing_final/software_testing/src/words.js","statementMap":{"0":{"start":{"line":3,"column":23},"end":{"line":5,"column":1}},"1":{"start":{"line":8,"column":20},"end":{"line":8,"column":63}},"2":{"start":{"line":11,"column":2},"end":{"line":11,"column":34}},"3":{"start":{"line":31,"column":2},"end":{"line":34,"column":3}},"4":{"start":{"line":32,"column":19},"end":{"line":32,"column":85}},"5":{"start":{"line":33,"column":4},"end":{"line":33,"column":23}},"6":{"start":{"line":35,"column":2},"end":{"line":35,"column":36}}},"fnMap":{"0":{"name":"asciiWords","decl":{"start":{"line":10,"column":9},"end":{"line":10,"column":19}},"loc":{"start":{"line":10,"column":28},"end":{"line":12,"column":1}},"line":10},"1":{"name":"words","decl":{"start":{"line":30,"column":9},"end":{"line":30,"column":14}},"loc":{"start":{"line":30,"column":32},"end":{"line":36,"column":1}},"line":30}},"branchMap":{"0":{"loc":{"start":{"line":31,"column":2},"end":{"line":34,"column":3}},"type":"if","locations":[{"start":{"line":31,"column":2},"end":{"line":34,"column":3}},{"start":{},"end":{}}],"line":31},"1":{"loc":{"start":{"line":32,"column":19},"end":{"line":32,"column":85}},"type":"cond-expr","locations":[{"start":{"line":32,"column":44},"end":{"line":32,"column":64}},{"start":{"line":32,"column":67},"end":{"line":32,"column":85}}],"line":32},"2":{"loc":{"start":{"line":33,"column":11},"end":{"line":33,"column":23}},"type":"binary-expr","locations":[{"start":{"line":33,"column":11},"end":{"line":33,"column":17}},{"start":{"line":33,"column":21},"end":{"line":33,"column":23}}],"line":33},"3":{"loc":{"start":{"line":35,"column":9},"end":{"line":35,"column":36}},"type":"binary-expr","locations":[{"start":{"line":35,"column":9},"end":{"line":35,"column":30}},{"start":{"line":35,"column":34},"end":{"line":35,"column":36}}],"line":35}},"s":{"0":0,"1":0,"2":0,"3":0,"4":0,"5":0,"6":0},"f":{"0":0,"1":0},"b":{"0":[0,0],"1":[0,0],"2":[0,0],"3":[0,0]},"all":true}}